#
# There is insufficient memory for the Java Runtime Environment to continue.
# Native memory allocation (malloc) failed to allocate 1186096 bytes for Chunk::new
# Possible reasons:
#   The system is out of physical RAM or swap space
#   The process is running with CompressedOops enabled, and the Java Heap may be blocking the growth of the native heap
# Possible solutions:
#   Reduce memory load on the system
#   Increase physical memory or swap space
#   Check if swap backing store is full
#   Decrease Java heap size (-Xmx/-Xms)
#   Decrease number of Java threads
#   Decrease Java thread stack sizes (-Xss)
#   Set larger code cache with -XX:ReservedCodeCacheSize=
#   JVM is running with Unscaled Compressed Oops mode in which the Java heap is
#     placed in the first 4GB address space. The Java Heap base address is the
#     maximum limit for the native heap growth. Please use -XX:HeapBaseMinAddress
#     to set the Java Heap base and to place the Java Heap above 4GB virtual address.
# This output file may be truncated or incomplete.
#
#  Out of Memory Error (allocation.cpp:389), pid=2112, tid=0x0000000000001bb4
#
# JRE version: Java(TM) SE Runtime Environment (8.0_231-b11) (build 1.8.0_231-b11)
# Java VM: Java HotSpot(TM) 64-Bit Server VM (25.231-b11 mixed mode windows-amd64 compressed oops)
# Failed to write core dump. Minidumps are not enabled by default on client versions of Windows
#

---------------  T H R E A D  ---------------

Current thread (0x000000001525b800):  JavaThread "C2 CompilerThread1" daemon [_thread_in_native, id=7092, stack(0x00000000169b0000,0x0000000016ab0000)]

Stack: [0x00000000169b0000,0x0000000016ab0000]
[error occurred during error reporting (printing stack bounds), id 0xc0000005]

Native frames: (J=compiled Java code, j=interpreted, Vv=VM code, C=native code)


Current CompileTask:
C2: 166323 23695       4       org.jetbrains.kotlin.resolve.calls.inference.CoroutineInferenceUtilKt$getCoroutineInferenceData$1::invoke (57 bytes)


---------------  P R O C E S S  ---------------

Java Threads: ( => current thread )
  0x000000001dc64000 JavaThread "Cache worker for Java compile cache (C:\Users\FEMI\Documents\Programming\Android\Studio\Stylepad\.gradle\5.4.1\javaCompile)" [_thread_blocked, id=8944, stack(0x00000000244a0000,0x00000000245a0000)]
  0x000000001dc67800 JavaThread "Cache worker for Java compile cache (C:\Users\FEMI\.gradle\caches\5.4.1\javaCompile)" [_thread_blocked, id=1840, stack(0x0000000000f90000,0x0000000001090000)]
  0x000000001dc62800 JavaThread "Cache worker for execution history cache (C:\Users\FEMI\Documents\Programming\Android\Studio\Stylepad\.gradle\5.4.1\executionHistory)" [_thread_blocked, id=9032, stack(0x0000000024010000,0x0000000024110000)]
  0x000000001dc5b000 JavaThread "Execution worker for ':' Thread 3" [_thread_blocked, id=10868, stack(0x0000000022ea0000,0x0000000022fa0000)]
  0x000000001dc61800 JavaThread "Execution worker for ':' Thread 2" [_thread_blocked, id=8384, stack(0x0000000022da0000,0x0000000022ea0000)]
  0x000000001dc5a000 JavaThread "Execution worker for ':'" [_thread_blocked, id=8976, stack(0x0000000022ae0000,0x0000000022be0000)]
  0x000000001dc61000 JavaThread "Cache worker for file content cache (C:\Users\FEMI\Documents\Programming\Android\Studio\Stylepad\.gradle\5.4.1\fileContent)" [_thread_blocked, id=9832, stack(0x0000000022ca0000,0x0000000022da0000)]
  0x000000001dc59800 JavaThread "Cache worker for file content cache (C:\Users\FEMI\.gradle\caches\5.4.1\fileContent)" [_thread_blocked, id=1428, stack(0x00000000213c0000,0x00000000214c0000)]
  0x000000001dc5e000 JavaThread "Memory manager" [_thread_blocked, id=8000, stack(0x00000000210c0000,0x00000000211c0000)]
  0x000000001dc5d000 JavaThread "Cache worker for Build Output Cleanup Cache (C:\Users\FEMI\Documents\Programming\Android\Studio\Stylepad\.gradle\buildOutputCleanup)" [_thread_blocked, id=7520, stack(0x00000000203c0000,0x00000000204c0000)]
  0x000000001dc5e800 JavaThread "pool-1-thread-1" [_thread_blocked, id=4144, stack(0x00000000200c0000,0x00000000201c0000)]
  0x000000001dc60000 JavaThread "Build operations Thread 4" [_thread_blocked, id=8712, stack(0x000000001fbc0000,0x000000001fcc0000)]
  0x000000001dc5f800 JavaThread "Build operations Thread 3" [_thread_blocked, id=10656, stack(0x000000001fac0000,0x000000001fbc0000)]
  0x000000001dc5b800 JavaThread "Build operations Thread 2" [_thread_blocked, id=3804, stack(0x000000001f9c0000,0x000000001fac0000)]
  0x000000001dc5c800 JavaThread "Build operations" [_thread_blocked, id=1816, stack(0x000000001f8c0000,0x000000001f9c0000)]
  0x0000000018584800 JavaThread "Cache worker for execution history cache (C:\Users\FEMI\.gradle\caches\5.4.1\executionHistory)" [_thread_blocked, id=7388, stack(0x000000001f3c0000,0x000000001f4c0000)]
  0x0000000018583000 JavaThread "Cache worker for cache directory md-rule (C:\Users\FEMI\.gradle\caches\5.4.1\md-rule)" [_thread_blocked, id=10008, stack(0x000000001f2c0000,0x000000001f3c0000)]
  0x0000000018584000 JavaThread "Cache worker for cache directory md-supplier (C:\Users\FEMI\.gradle\caches\5.4.1\md-supplier)" [_thread_blocked, id=7524, stack(0x000000001d720000,0x000000001d820000)]
  0x0000000018587000 JavaThread "Cache worker for file hash cache (C:\Users\FEMI\Documents\Programming\Android\Studio\Stylepad\.gradle\5.4.1\fileHashes)" [_thread_blocked, id=4336, stack(0x000000001d400000,0x000000001d500000)]
  0x0000000018586000 JavaThread "Cache worker for journal cache (C:\Users\FEMI\.gradle\caches\journal-1)" [_thread_blocked, id=4168, stack(0x0000000019e00000,0x0000000019f00000)]
  0x0000000018585800 JavaThread "File lock request listener" [_thread_in_native, id=5756, stack(0x0000000019d00000,0x0000000019e00000)]
  0x0000000018580000 JavaThread "Cache worker for file hash cache (C:\Users\FEMI\.gradle\caches\5.4.1\fileHashes)" [_thread_blocked, id=9960, stack(0x0000000019c00000,0x0000000019d00000)]
  0x000000001847d800 JavaThread "Thread-9" [_thread_blocked, id=8572, stack(0x0000000019b00000,0x0000000019c00000)]
  0x00000000184a3800 JavaThread "Asynchronous log dispatcher for DefaultDaemonConnection: socket connection from /127.0.0.1:54093 to /127.0.0.1:54094" [_thread_blocked, id=8476, stack(0x0000000019900000,0x0000000019a00000)]
  0x00000000184c8800 JavaThread "Daemon worker" [_thread_in_Java, id=9416, stack(0x0000000019800000,0x0000000019900000)]
  0x00000000184af800 JavaThread "Cancel handler" [_thread_blocked, id=3100, stack(0x0000000019700000,0x0000000019800000)]
  0x00000000182de800 JavaThread "Handler for socket connection from /127.0.0.1:54093 to /127.0.0.1:54094" [_thread_in_native, id=9168, stack(0x0000000019400000,0x0000000019500000)]
  0x00000000182d9800 JavaThread "Daemon" [_thread_blocked, id=9440, stack(0x0000000019300000,0x0000000019400000)]
  0x000000001845e000 JavaThread "Daemon periodic checks" [_thread_blocked, id=6576, stack(0x0000000019200000,0x0000000019300000)]
  0x0000000017324800 JavaThread "Incoming local TCP Connector on port 54093" [_thread_in_native, id=3940, stack(0x0000000018fc0000,0x00000000190c0000)]
  0x0000000018321000 JavaThread "Daemon health stats" [_thread_blocked, id=8628, stack(0x0000000018980000,0x0000000018a80000)]
  0x00000000152ae000 JavaThread "Service Thread" daemon [_thread_blocked, id=9480, stack(0x0000000016fb0000,0x00000000170b0000)]
  0x0000000015264000 JavaThread "C1 CompilerThread2" daemon [_thread_blocked, id=2980, stack(0x0000000016ab0000,0x0000000016bb0000)]
=>0x000000001525b800 JavaThread "C2 CompilerThread1" daemon [_thread_in_native, id=7092, stack(0x00000000169b0000,0x0000000016ab0000)]
  0x0000000015255000 JavaThread "C2 CompilerThread0" daemon [_thread_in_native, id=4924, stack(0x00000000168b0000,0x00000000169b0000)]
  0x0000000015253000 JavaThread "Attach Listener" daemon [_thread_blocked, id=9904, stack(0x00000000167b0000,0x00000000168b0000)]
  0x0000000015252000 JavaThread "Signal Dispatcher" daemon [_thread_blocked, id=6416, stack(0x00000000166b0000,0x00000000167b0000)]
  0x0000000002b7b000 JavaThread "Finalizer" daemon [_thread_blocked, id=9768, stack(0x00000000164b0000,0x00000000165b0000)]
  0x0000000002b72000 JavaThread "Reference Handler" daemon [_thread_blocked, id=4948, stack(0x00000000163b0000,0x00000000164b0000)]
  0x0000000000b5e800 JavaThread "main" [_thread_blocked, id=3388, stack(0x0000000002900000,0x0000000002a00000)]

Other Threads:
  0x0000000015217800 VMThread [stack: 0x00000000162b0000,0x00000000163b0000] [id=4604]
  0x0000000016bf3800 WatcherThread [stack: 0x00000000170b0000,0x00000000171b0000] [id=8584]

VM state:not at safepoint (normal execution)

VM Mutex/Monitor currently owned by a thread: None

heap address: 0x00000000c0000000, size: 1024 MB, Compressed Oops mode: 32-bit
Narrow klass base: 0x0000000000000000, Narrow klass shift: 3
Compressed class space size: 1073741824 Address: 0x0000000100000000

Heap:
 PSYoungGen      total 282624K, used 214006K [0x00000000eab00000, 0x0000000100000000, 0x0000000100000000)
  eden space 216064K, 83% used [0x00000000eab00000,0x00000000f5a55c08,0x00000000f7e00000)
  from space 66560K, 51% used [0x00000000f7e00000,0x00000000f9fa7d88,0x00000000fbf00000)
  to   space 65536K, 0% used [0x00000000fc000000,0x00000000fc000000,0x0000000100000000)
 ParOldGen       total 174080K, used 123792K [0x00000000c0000000, 0x00000000caa00000, 0x00000000eab00000)
  object space 174080K, 71% used [0x00000000c0000000,0x00000000c78e4138,0x00000000caa00000)
 Metaspace       used 126643K, capacity 129959K, committed 130176K, reserved 1163264K
  class space    used 16207K, capacity 17000K, committed 17024K, reserved 1048576K

Card table byte_map: [0x0000000011f40000,0x0000000012150000] byte_map_base: 0x0000000011940000

Marking Bits: (ParMarkBitMap*) 0x0000000065e46d90
 Begin Bits: [0x00000000126b0000, 0x00000000136b0000)
 End Bits:   [0x00000000136b0000, 0x00000000146b0000)

Polling page: 0x0000000000b40000

CodeCache: size=245760Kb used=67101Kb max_used=67101Kb free=178658Kb
 bounds [0x0000000002b80000, 0x0000000006d60000, 0x0000000011b80000]
 total_blobs=20401 nmethods=19449 adapters=860
 compilation: enabled

Compilation events (10 events):
Event: 166.254 Thread 0x0000000015264000 23879       2       org.jetbrains.kotlin.resolve.constants.evaluate.ConstantExpressionEvaluatorKt::getReceiverExpressionType (108 bytes)
Event: 166.255 Thread 0x0000000015264000 nmethod 23879 0x0000000006d52650 code [0x0000000006d528a0, 0x0000000006d52ec8]
Event: 166.256 Thread 0x0000000015264000 23880       1       org.jetbrains.kotlin.contracts.model.structure.ESReturns::getValue (5 bytes)
Event: 166.256 Thread 0x0000000015264000 nmethod 23880 0x0000000006d53410 code [0x0000000006d53560, 0x0000000006d53670]
Event: 166.261 Thread 0x0000000015264000 23881       2       org.jetbrains.kotlin.resolve.BindingContextUtils::extractVariableDescriptorFromReference (58 bytes)
Event: 166.262 Thread 0x0000000015264000 nmethod 23881 0x0000000006d536d0 code [0x0000000006d538a0, 0x0000000006d53de8]
Event: 166.270 Thread 0x0000000015264000 23882       2       org.jetbrains.kotlin.resolve.VariableTypeAndInitializerResolver$setConstantForVariableIfNeeded$1::invoke (5 bytes)
Event: 166.271 Thread 0x0000000015264000 nmethod 23882 0x0000000006d53f90 code [0x0000000006d54100, 0x0000000006d54268]
Event: 166.271 Thread 0x0000000015264000 23883       2       org.jetbrains.kotlin.resolve.VariableTypeAndInitializerResolver$setConstantForVariableIfNeeded$1::invoke (150 bytes)
Event: 166.272 Thread 0x0000000015264000 nmethod 23883 0x0000000006d54310 code [0x0000000006d54560, 0x0000000006d54bc8]

GC Heap History (10 events):
Event: 112.053 GC heap before
{Heap before GC invocations=24 (full 4):
 PSYoungGen      total 291840K, used 282372K [0x00000000eab00000, 0x0000000100000000, 0x0000000100000000)
  eden space 252928K, 100% used [0x00000000eab00000,0x00000000fa200000,0x00000000fa200000)
  from space 38912K, 75% used [0x00000000fa200000,0x00000000fbec1290,0x00000000fc800000)
  to   space 41472K, 0% used [0x00000000fd780000,0x00000000fd780000,0x0000000100000000)
 ParOldGen       total 174080K, used 88587K [0x00000000c0000000, 0x00000000caa00000, 0x00000000eab00000)
  object space 174080K, 50% used [0x00000000c0000000,0x00000000c5682d40,0x00000000caa00000)
 Metaspace       used 76811K, capacity 79046K, committed 79232K, reserved 1118208K
  class space    used 10220K, capacity 10758K, committed 10880K, reserved 1048576K
Event: 112.095 GC heap after
Heap after GC invocations=24 (full 4):
 PSYoungGen      total 307712K, used 23895K [0x00000000eab00000, 0x0000000100000000, 0x0000000100000000)
  eden space 266240K, 0% used [0x00000000eab00000,0x00000000eab00000,0x00000000faf00000)
  from space 41472K, 57% used [0x00000000fd780000,0x00000000feed5c58,0x0000000100000000)
  to   space 41472K, 0% used [0x00000000faf00000,0x00000000faf00000,0x00000000fd780000)
 ParOldGen       total 174080K, used 88595K [0x00000000c0000000, 0x00000000caa00000, 0x00000000eab00000)
  object space 174080K, 50% used [0x00000000c0000000,0x00000000c5684d40,0x00000000caa00000)
 Metaspace       used 76811K, capacity 79046K, committed 79232K, reserved 1118208K
  class space    used 10220K, capacity 10758K, committed 10880K, reserved 1048576K
}
Event: 139.536 GC heap before
{Heap before GC invocations=25 (full 4):
 PSYoungGen      total 307712K, used 290135K [0x00000000eab00000, 0x0000000100000000, 0x0000000100000000)
  eden space 266240K, 100% used [0x00000000eab00000,0x00000000faf00000,0x00000000faf00000)
  from space 41472K, 57% used [0x00000000fd780000,0x00000000feed5c58,0x0000000100000000)
  to   space 41472K, 0% used [0x00000000faf00000,0x00000000faf00000,0x00000000fd780000)
 ParOldGen       total 174080K, used 88595K [0x00000000c0000000, 0x00000000caa00000, 0x00000000eab00000)
  object space 174080K, 50% used [0x00000000c0000000,0x00000000c5684d40,0x00000000caa00000)
 Metaspace       used 95760K, capacity 98453K, committed 98688K, reserved 1134592K
  class space    used 12428K, capacity 13057K, committed 13184K, reserved 1048576K
Event: 139.608 GC heap after
Heap after GC invocations=25 (full 4):
 PSYoungGen      total 307712K, used 41467K [0x00000000eab00000, 0x0000000100000000, 0x0000000100000000)
  eden space 266240K, 0% used [0x00000000eab00000,0x00000000eab00000,0x00000000faf00000)
  from space 41472K, 99% used [0x00000000faf00000,0x00000000fd77ec18,0x00000000fd780000)
  to   space 41472K, 0% used [0x00000000fd780000,0x00000000fd780000,0x0000000100000000)
 ParOldGen       total 174080K, used 99303K [0x00000000c0000000, 0x00000000caa00000, 0x00000000eab00000)
  object space 174080K, 57% used [0x00000000c0000000,0x00000000c60f9ec8,0x00000000caa00000)
 Metaspace       used 95760K, capacity 98453K, committed 98688K, reserved 1134592K
  class space    used 12428K, capacity 13057K, committed 13184K, reserved 1048576K
}
Event: 146.625 GC heap before
{Heap before GC invocations=26 (full 4):
 PSYoungGen      total 307712K, used 196253K [0x00000000eab00000, 0x0000000100000000, 0x0000000100000000)
  eden space 266240K, 58% used [0x00000000eab00000,0x00000000f4228898,0x00000000faf00000)
  from space 41472K, 99% used [0x00000000faf00000,0x00000000fd77ec18,0x00000000fd780000)
  to   space 41472K, 0% used [0x00000000fd780000,0x00000000fd780000,0x0000000100000000)
 ParOldGen       total 174080K, used 99303K [0x00000000c0000000, 0x00000000caa00000, 0x00000000eab00000)
  object space 174080K, 57% used [0x00000000c0000000,0x00000000c60f9ec8,0x00000000caa00000)
 Metaspace       used 116816K, capacity 119901K, committed 120064K, reserved 1153024K
  class space    used 15256K, capacity 16011K, committed 16128K, reserved 1048576K
Event: 146.740 GC heap after
Heap after GC invocations=26 (full 4):
 PSYoungGen      total 257536K, used 41470K [0x00000000eab00000, 0x0000000100000000, 0x0000000100000000)
  eden space 216064K, 0% used [0x00000000eab00000,0x00000000eab00000,0x00000000f7e00000)
  from space 41472K, 99% used [0x00000000fd780000,0x00000000fffffa20,0x0000000100000000)
  to   space 66560K, 0% used [0x00000000f7e00000,0x00000000f7e00000,0x00000000fbf00000)
 ParOldGen       total 174080K, used 127196K [0x00000000c0000000, 0x00000000caa00000, 0x00000000eab00000)
  object space 174080K, 73% used [0x00000000c0000000,0x00000000c7c37230,0x00000000caa00000)
 Metaspace       used 116816K, capacity 119901K, committed 120064K, reserved 1153024K
  class space    used 15256K, capacity 16011K, committed 16128K, reserved 1048576K
}
Event: 146.740 GC heap before
{Heap before GC invocations=27 (full 5):
 PSYoungGen      total 257536K, used 41470K [0x00000000eab00000, 0x0000000100000000, 0x0000000100000000)
  eden space 216064K, 0% used [0x00000000eab00000,0x00000000eab00000,0x00000000f7e00000)
  from space 41472K, 99% used [0x00000000fd780000,0x00000000fffffa20,0x0000000100000000)
  to   space 66560K, 0% used [0x00000000f7e00000,0x00000000f7e00000,0x00000000fbf00000)
 ParOldGen       total 174080K, used 127196K [0x00000000c0000000, 0x00000000caa00000, 0x00000000eab00000)
  object space 174080K, 73% used [0x00000000c0000000,0x00000000c7c37230,0x00000000caa00000)
 Metaspace       used 116816K, capacity 119901K, committed 120064K, reserved 1153024K
  class space    used 15256K, capacity 16011K, committed 16128K, reserved 1048576K
Event: 147.299 GC heap after
Heap after GC invocations=27 (full 5):
 PSYoungGen      total 257536K, used 0K [0x00000000eab00000, 0x0000000100000000, 0x0000000100000000)
  eden space 216064K, 0% used [0x00000000eab00000,0x00000000eab00000,0x00000000f7e00000)
  from space 41472K, 0% used [0x00000000fd780000,0x00000000fd780000,0x0000000100000000)
  to   space 66560K, 0% used [0x00000000f7e00000,0x00000000f7e00000,0x00000000fbf00000)
 ParOldGen       total 174080K, used 123784K [0x00000000c0000000, 0x00000000caa00000, 0x00000000eab00000)
  object space 174080K, 71% used [0x00000000c0000000,0x00000000c78e2138,0x00000000caa00000)
 Metaspace       used 116780K, capacity 119799K, committed 120064K, reserved 1153024K
  class space    used 15244K, capacity 15992K, committed 16128K, reserved 1048576K
}
Event: 158.557 GC heap before
{Heap before GC invocations=28 (full 5):
 PSYoungGen      total 257536K, used 216064K [0x00000000eab00000, 0x0000000100000000, 0x0000000100000000)
  eden space 216064K, 100% used [0x00000000eab00000,0x00000000f7e00000,0x00000000f7e00000)
  from space 41472K, 0% used [0x00000000fd780000,0x00000000fd780000,0x0000000100000000)
  to   space 66560K, 0% used [0x00000000f7e00000,0x00000000f7e00000,0x00000000fbf00000)
 ParOldGen       total 174080K, used 123784K [0x00000000c0000000, 0x00000000caa00000, 0x00000000eab00000)
  object space 174080K, 71% used [0x00000000c0000000,0x00000000c78e2138,0x00000000caa00000)
 Metaspace       used 125018K, capacity 128279K, committed 128512K, reserved 1161216K
  class space    used 16107K, capacity 16852K, committed 16896K, reserved 1048576K
Event: 158.638 GC heap after
Heap after GC invocations=28 (full 5):
 PSYoungGen      total 282624K, used 34463K [0x00000000eab00000, 0x0000000100000000, 0x0000000100000000)
  eden space 216064K, 0% used [0x00000000eab00000,0x00000000eab00000,0x00000000f7e00000)
  from space 66560K, 51% used [0x00000000f7e00000,0x00000000f9fa7d88,0x00000000fbf00000)
  to   space 65536K, 0% used [0x00000000fc000000,0x00000000fc000000,0x0000000100000000)
 ParOldGen       total 174080K, used 123792K [0x00000000c0000000, 0x00000000caa00000, 0x00000000eab00000)
  object space 174080K, 71% used [0x00000000c0000000,0x00000000c78e4138,0x00000000caa00000)
 Metaspace       used 125018K, capacity 128279K, committed 128512K, reserved 1161216K
  class space    used 16107K, capacity 16852K, committed 16896K, reserved 1048576K
}

Deoptimization events (10 events):
Event: 165.780 Thread 0x00000000184c8800 Uncommon trap: reason=array_check action=maybe_recompile pc=0x0000000006d1bf50 method=com.intellij.extapi.psi.StubBasedPsiElementBase.getStubOrPsiChildren(Lcom/intellij/psi/stubs/IStubElementType;Lcom/intellij/util/ArrayFactory;)[Lcom/intellij/psi/PsiElem
Event: 165.780 Thread 0x00000000184c8800 Uncommon trap: reason=array_check action=maybe_recompile pc=0x0000000006d1bf50 method=com.intellij.extapi.psi.StubBasedPsiElementBase.getStubOrPsiChildren(Lcom/intellij/psi/stubs/IStubElementType;Lcom/intellij/util/ArrayFactory;)[Lcom/intellij/psi/PsiElem
Event: 165.785 Thread 0x00000000184c8800 Uncommon trap: reason=array_check action=maybe_recompile pc=0x0000000006d1bf50 method=com.intellij.extapi.psi.StubBasedPsiElementBase.getStubOrPsiChildren(Lcom/intellij/psi/stubs/IStubElementType;Lcom/intellij/util/ArrayFactory;)[Lcom/intellij/psi/PsiElem
Event: 165.787 Thread 0x00000000184c8800 Uncommon trap: reason=class_check action=maybe_recompile pc=0x00000000061b05d4 method=org.jetbrains.kotlin.resolve.OverridingUtil.findMaxVisibility(Ljava/util/Collection;)Lorg/jetbrains/kotlin/descriptors/Visibility; @ 10
Event: 165.787 Thread 0x00000000184c8800 Uncommon trap: reason=array_check action=maybe_recompile pc=0x0000000006d1bf50 method=com.intellij.extapi.psi.StubBasedPsiElementBase.getStubOrPsiChildren(Lcom/intellij/psi/stubs/IStubElementType;Lcom/intellij/util/ArrayFactory;)[Lcom/intellij/psi/PsiElem
Event: 166.055 Thread 0x00000000184c8800 Uncommon trap: reason=class_check action=maybe_recompile pc=0x000000000677a418 method=org.jetbrains.kotlin.parsing.AbstractKotlinParsing.atSet(Lcom/intellij/psi/tree/TokenSet;)Z @ 88
Event: 166.107 Thread 0x00000000184c8800 Uncommon trap: reason=bimorphic action=maybe_recompile pc=0x0000000005d65e2c method=org.jetbrains.kotlin.resolve.calls.callUtil.CallUtilKt.getCalleeExpressionIfAny(Lorg/jetbrains/kotlin/psi/KtElement;)Lorg/jetbrains/kotlin/psi/KtExpression; @ 93
Event: 166.149 Thread 0x00000000184c8800 Uncommon trap: reason=class_check action=maybe_recompile pc=0x000000000677a418 method=org.jetbrains.kotlin.parsing.AbstractKotlinParsing.atSet(Lcom/intellij/psi/tree/TokenSet;)Z @ 88
Event: 166.215 Thread 0x00000000184c8800 Uncommon trap: reason=bimorphic action=maybe_recompile pc=0x0000000005d65e2c method=org.jetbrains.kotlin.resolve.calls.callUtil.CallUtilKt.getCalleeExpressionIfAny(Lorg/jetbrains/kotlin/psi/KtElement;)Lorg/jetbrains/kotlin/psi/KtExpression; @ 93
Event: 166.215 Thread 0x00000000184c8800 Uncommon trap: reason=bimorphic action=maybe_recompile pc=0x0000000005d65e2c method=org.jetbrains.kotlin.resolve.calls.callUtil.CallUtilKt.getCalleeExpressionIfAny(Lorg/jetbrains/kotlin/psi/KtElement;)Lorg/jetbrains/kotlin/psi/KtExpression; @ 93

Classes redefined (0 events):
No events

Internal exceptions (10 events):
Event: 145.916 Thread 0x00000000184c8800 Implicit null exception at 0x0000000005182f8c to 0x0000000005183069
Event: 154.684 Thread 0x00000000184c8800 Implicit null exception at 0x00000000055ef764 to 0x00000000055efd51
Event: 154.686 Thread 0x00000000184c8800 Implicit null exception at 0x0000000002e5dfd6 to 0x0000000002e5e371
Event: 154.715 Thread 0x00000000184c8800 Exception <a 'java/lang/IncompatibleClassChangeError': Found class java.lang.Object, but interface was expected> (0x00000000f423c020) thrown at [C:\re\workspace\8-2-build-windows-amd64-cygwin\jdk8u231\13620\hotspot\src\share\vm\interpreter\linkResolver.cp
Event: 156.221 Thread 0x00000000184c8800 Implicit null exception at 0x000000000623046f to 0x000000000623255c
Event: 156.455 Thread 0x00000000184c8800 Implicit null exception at 0x000000000571c107 to 0x000000000571c5b5
Event: 157.312 Thread 0x00000000184c8800 Implicit null exception at 0x00000000066dc170 to 0x00000000066dc1d5
Event: 157.366 Thread 0x00000000184c8800 Exception <a 'java/lang/NoSuchMethodError': java.lang.Object.lambda$static$0(I)[Lcom/intellij/psi/PsiJavaCodeReferenceElement;> (0x00000000f6ca84a0) thrown at [C:\re\workspace\8-2-build-windows-amd64-cygwin\jdk8u231\13620\hotspot\src\share\vm\interpreter\
Event: 157.367 Thread 0x00000000184c8800 Implicit null exception at 0x00000000062a4a86 to 0x00000000062a4bdf
Event: 157.374 Thread 0x00000000184c8800 Exception <a 'java/lang/NoSuchMethodError': java.lang.Object.lambda$static$0(I)[Lcom/intellij/psi/PsiImportStatementBase;> (0x00000000f6cce100) thrown at [C:\re\workspace\8-2-build-windows-amd64-cygwin\jdk8u231\13620\hotspot\src\share\vm\interpreter\linkR

Events (10 events):
Event: 166.107 Thread 0x00000000184c8800 DEOPT UNPACKING pc=0x0000000002bc583b sp=0x00000000198eff40 mode 2
Event: 166.149 Thread 0x00000000184c8800 Uncommon trap: trap_request=0xffffffde fr.pc=0x000000000677a418
Event: 166.149 Thread 0x00000000184c8800 DEOPT PACKING pc=0x000000000677a418 sp=0x00000000198f43a0
Event: 166.149 Thread 0x00000000184c8800 DEOPT UNPACKING pc=0x0000000002bc583b sp=0x00000000198f4368 mode 2
Event: 166.215 Thread 0x00000000184c8800 Uncommon trap: trap_request=0xffffffc6 fr.pc=0x0000000005d65e2c
Event: 166.215 Thread 0x00000000184c8800 DEOPT PACKING pc=0x0000000005d65e2c sp=0x00000000198eec60
Event: 166.215 Thread 0x00000000184c8800 DEOPT UNPACKING pc=0x0000000002bc583b sp=0x00000000198eebc0 mode 2
Event: 166.215 Thread 0x00000000184c8800 Uncommon trap: trap_request=0xffffffc6 fr.pc=0x0000000005d65e2c
Event: 166.215 Thread 0x00000000184c8800 DEOPT PACKING pc=0x0000000005d65e2c sp=0x00000000198ee6f0
Event: 166.215 Thread 0x00000000184c8800 DEOPT UNPACKING pc=0x0000000002bc583b sp=0x00000000198ee650 mode 2


Dynamic libraries:
0x00007ff6c96d0000 - 0x00007ff6c9707000 	C:\Program Files\Java\jdk1.8.0_231\bin\java.exe
0x00007ff9f18a0000 - 0x00007ff9f1a90000 	C:\WINDOWS\SYSTEM32\ntdll.dll
0x00007ff9f1150000 - 0x00007ff9f1202000 	C:\WINDOWS\System32\KERNEL32.DLL
0x00007ff9eebd0000 - 0x00007ff9eee73000 	C:\WINDOWS\System32\KERNELBASE.dll
0x00007ff9f04b0000 - 0x00007ff9f0553000 	C:\WINDOWS\System32\ADVAPI32.dll
0x00007ff9f00f0000 - 0x00007ff9f018e000 	C:\WINDOWS\System32\msvcrt.dll
0x00007ff9f1210000 - 0x00007ff9f12a7000 	C:\WINDOWS\System32\sechost.dll
0x00007ff9efec0000 - 0x00007ff9effe0000 	C:\WINDOWS\System32\RPCRT4.dll
0x00007ff9f0210000 - 0x00007ff9f03a4000 	C:\WINDOWS\System32\USER32.dll
0x00007ff9ee830000 - 0x00007ff9ee851000 	C:\WINDOWS\System32\win32u.dll
0x00007ff9f0410000 - 0x00007ff9f0436000 	C:\WINDOWS\System32\GDI32.dll
0x00007ff9ef600000 - 0x00007ff9ef794000 	C:\WINDOWS\System32\gdi32full.dll
0x00007ff9ee8b0000 - 0x00007ff9ee94e000 	C:\WINDOWS\System32\msvcp_win.dll
0x00007ff9eeaa0000 - 0x00007ff9eeb9a000 	C:\WINDOWS\System32\ucrtbase.dll
0x00007ff9d9d00000 - 0x00007ff9d9f85000 	C:\WINDOWS\WinSxS\amd64_microsoft.windows.common-controls_6595b64144ccf1df_6.0.18362.535_none_e6c3b34713100821\COMCTL32.dll
0x00007ff9f1520000 - 0x00007ff9f1856000 	C:\WINDOWS\System32\combase.dll
0x00007ff9ef8d0000 - 0x00007ff9ef950000 	C:\WINDOWS\System32\bcryptPrimitives.dll
0x00007ff9f00c0000 - 0x00007ff9f00ee000 	C:\WINDOWS\System32\IMM32.DLL
0x0000000065ed0000 - 0x0000000065fa2000 	C:\Program Files\Java\jdk1.8.0_231\jre\bin\msvcr100.dll
0x0000000065620000 - 0x0000000065ec6000 	C:\Program Files\Java\jdk1.8.0_231\jre\bin\server\jvm.dll
0x00007ff9f00b0000 - 0x00007ff9f00b8000 	C:\WINDOWS\System32\PSAPI.DLL
0x00007ff9dca80000 - 0x00007ff9dca89000 	C:\WINDOWS\SYSTEM32\WSOCK32.dll
0x00007ff9eb5f0000 - 0x00007ff9eb614000 	C:\WINDOWS\SYSTEM32\WINMM.dll
0x00007ff9e2d80000 - 0x00007ff9e2d8a000 	C:\WINDOWS\SYSTEM32\VERSION.dll
0x00007ff9ef9e0000 - 0x00007ff9efa4f000 	C:\WINDOWS\System32\WS2_32.dll
0x00007ff9eb5c0000 - 0x00007ff9eb5ed000 	C:\WINDOWS\SYSTEM32\WINMMBASE.dll
0x00007ff9ee860000 - 0x00007ff9ee8aa000 	C:\WINDOWS\System32\cfgmgr32.dll
0x00007ff9eabf0000 - 0x00007ff9eabff000 	C:\Program Files\Java\jdk1.8.0_231\jre\bin\verify.dll
0x00007ff9e8590000 - 0x00007ff9e85b9000 	C:\Program Files\Java\jdk1.8.0_231\jre\bin\java.dll
0x00007ff9e8510000 - 0x00007ff9e8526000 	C:\Program Files\Java\jdk1.8.0_231\jre\bin\zip.dll
0x00007ff9f0990000 - 0x00007ff9f1075000 	C:\WINDOWS\System32\SHELL32.dll
0x00007ff9f0000000 - 0x00007ff9f00a9000 	C:\WINDOWS\System32\shcore.dll
0x00007ff9eee80000 - 0x00007ff9ef5ff000 	C:\WINDOWS\System32\windows.storage.dll
0x00007ff9ee7a0000 - 0x00007ff9ee7bf000 	C:\WINDOWS\System32\profapi.dll
0x00007ff9ee7e0000 - 0x00007ff9ee82a000 	C:\WINDOWS\System32\powrprof.dll
0x00007ff9ee770000 - 0x00007ff9ee780000 	C:\WINDOWS\System32\UMPDC.dll
0x00007ff9f03b0000 - 0x00007ff9f0402000 	C:\WINDOWS\System32\shlwapi.dll
0x00007ff9ee780000 - 0x00007ff9ee791000 	C:\WINDOWS\System32\kernel.appcore.dll
0x00007ff9ef8b0000 - 0x00007ff9ef8c7000 	C:\WINDOWS\System32\cryptsp.dll
0x00007ff9e84f0000 - 0x00007ff9e850a000 	C:\Program Files\Java\jdk1.8.0_231\jre\bin\net.dll
0x00007ff9edfe0000 - 0x00007ff9ee047000 	C:\WINDOWS\system32\mswsock.dll
0x00007ff9e7f10000 - 0x00007ff9e7f22000 	C:\Program Files\Java\jdk1.8.0_231\jre\bin\nio.dll
0x00007ff9e85c0000 - 0x00007ff9e85e6000 	C:\Users\FEMI\.gradle\native\29\windows-amd64\native-platform.dll
0x00007ff9e80a0000 - 0x00007ff9e80ad000 	C:\Program Files\Java\jdk1.8.0_231\jre\bin\management.dll
0x00007ff9edaf0000 - 0x00007ff9edb23000 	C:\WINDOWS\system32\rsaenh.dll
0x00007ff9eeba0000 - 0x00007ff9eebc6000 	C:\WINDOWS\System32\bcrypt.dll
0x00007ff9ee660000 - 0x00007ff9ee685000 	C:\WINDOWS\SYSTEM32\USERENV.dll
0x00007ff9ee260000 - 0x00007ff9ee26c000 	C:\WINDOWS\SYSTEM32\CRYPTBASE.dll
0x00007ff9edc90000 - 0x00007ff9edcca000 	C:\WINDOWS\SYSTEM32\IPHLPAPI.DLL
0x00007ff9ef9d0000 - 0x00007ff9ef9d8000 	C:\WINDOWS\System32\NSI.dll
0x00007ff9e32f0000 - 0x00007ff9e3306000 	C:\WINDOWS\SYSTEM32\dhcpcsvc6.DLL
0x00007ff9e33c0000 - 0x00007ff9e33dc000 	C:\WINDOWS\SYSTEM32\dhcpcsvc.DLL
0x00007ff9edcd0000 - 0x00007ff9edd9a000 	C:\WINDOWS\SYSTEM32\DNSAPI.dll
0x00007ff9e7ee0000 - 0x00007ff9e7f04000 	C:\Program Files\Java\jdk1.8.0_231\jre\bin\sunec.dll
0x00007ff9e2d70000 - 0x00007ff9e2d7a000 	C:\Windows\System32\rasadhlp.dll
0x00007ff9e31f0000 - 0x00007ff9e3267000 	C:\WINDOWS\System32\fwpuclnt.dll
0x00007ff9e84b0000 - 0x00007ff9e84bb000 	C:\Program Files\Java\jdk1.8.0_231\jre\bin\sunmscapi.dll
0x00007ff9ee950000 - 0x00007ff9eea99000 	C:\WINDOWS\System32\CRYPT32.dll
0x00007ff9ee7c0000 - 0x00007ff9ee7d2000 	C:\WINDOWS\System32\MSASN1.dll

VM Arguments:
jvm_args: -XX:+HeapDumpOnOutOfMemoryError -Xmx1024m -Dfile.encoding=UTF-8 -Duser.country=US -Duser.language=en -Duser.variant 
java_command: org.gradle.launcher.daemon.bootstrap.GradleDaemon 5.4.1
java_class_path (initial): C:\Users\FEMI\.gradle\wrapper\dists\gradle-5.4.1-all\3221gyojl5jsh0helicew7rwx\gradle-5.4.1\lib\gradle-launcher-5.4.1.jar
Launcher Type: SUN_STANDARD

Environment Variables:
JAVA_HOME=C:\Program Files\Java\jdk1.8.0_231
JRE_HOME=C:\Program Files\Java\jdk1.8.0_231\jre
CLASSPATH=C:\Program Files\Java\jdk1.8.0_231\lib;C:\Program Files\Java\jdk1.8.0_231\jre\lib
PATH=C:\Program Files (x86)\Common Files\Oracle\Java\javapath;C:\ProgramData\Oracle\Java\javapath;C:\WINDOWS\system32;C:\WINDOWS;C:\WINDOWS\System32\Wbem;C:\WINDOWS\System32\WindowsPowerShell\v1.0\;C:\Program Files\Intel\WiFi\bin\;C:\Program Files\Common Files\Intel\WirelessCommon\;C:\ProgramData\Anaconda3;C:\ProgramData\Anaconda3\Scripts;C:\ProgramData\Anaconda3\Library\bin;C:\Program Files\Gradle\gradle-3.5\bin;C:\Program Files\Apache\apache-maven-3.5.0\bin;C:\Program Files (x86)\GtkSharp\2.12\bin;C:\Program Files (x86)\sqlite;C:\WINDOWS\System32\OpenSSH\;C:\Program Files (x86)\Cygwin\bin;C:\Program Files\Java\jdk1.8.0_231\bin;C:\Program Files (x86)\sqlite;C:\Users\FEMI\AppData\Local\Microsoft\WindowsApps;?C:\src\flutter\bin;C:\Program Files\JetBrains\IntelliJ IDEA Community Edition 2018.3\bin;;
USERNAME=FEMI
OS=Windows_NT
PROCESSOR_IDENTIFIER=Intel64 Family 6 Model 78 Stepping 3, GenuineIntel



---------------  S Y S T E M  ---------------

OS: Windows 10.0 , 64 bit Build 18362 (10.0.18362.329)

CPU:total 4 (initial active 4) (2 cores per cpu, 2 threads per core) family 6 model 78 stepping 3, cmov, cx8, fxsr, mmx, sse, sse2, sse3, ssse3, sse4.1, sse4.2, popcnt, avx, avx2, aes, clmul, erms, rtm, 3dnowpref, lzcnt, ht, tsc, tscinvbit, bmi1, bmi2, adx

Memory: 4k page, physical 4065032k(332732k free), swap 5490440k(4768k free)

vm_info: Java HotSpot(TM) 64-Bit Server VM (25.231-b11) for windows-amd64 JRE (1.8.0_231-b11), built on Oct  5 2019 03:11:30 by "java_re" with MS VC++ 10.0 (VS2010)

time: Wed Jan 01 17:33:31 2020
timezone: W. Central Africa Standard Time
elapsed time: 166 seconds (0d 0h 2m 46s)

