#
# There is insufficient memory for the Java Runtime Environment to continue.
# Native memory allocation (malloc) failed to allocate 1014736 bytes for Chunk::new
# Possible reasons:
#   The system is out of physical RAM or swap space
#   The process is running with CompressedOops enabled, and the Java Heap may be blocking the growth of the native heap
# Possible solutions:
#   Reduce memory load on the system
#   Increase physical memory or swap space
#   Check if swap backing store is full
#   Decrease Java heap size (-Xmx/-Xms)
#   Decrease number of Java threads
#   Decrease Java thread stack sizes (-Xss)
#   Set larger code cache with -XX:ReservedCodeCacheSize=
#   JVM is running with Unscaled Compressed Oops mode in which the Java heap is
#     placed in the first 4GB address space. The Java Heap base address is the
#     maximum limit for the native heap growth. Please use -XX:HeapBaseMinAddress
#     to set the Java Heap base and to place the Java Heap above 4GB virtual address.
# This output file may be truncated or incomplete.
#
#  Out of Memory Error (allocation.cpp:389), pid=1400, tid=0x0000000000001904
#
# JRE version: Java(TM) SE Runtime Environment (8.0_231-b11) (build 1.8.0_231-b11)
# Java VM: Java HotSpot(TM) 64-Bit Server VM (25.231-b11 mixed mode windows-amd64 compressed oops)
# Failed to write core dump. Minidumps are not enabled by default on client versions of Windows
#

---------------  T H R E A D  ---------------

Current thread (0x0000000014c03000):  JavaThread "C2 CompilerThread0" daemon [_thread_in_native, id=6404, stack(0x0000000016250000,0x0000000016350000)]

Stack: [0x0000000016250000,0x0000000016350000]
[error occurred during error reporting (printing stack bounds), id 0xc0000005]

Native frames: (J=compiled Java code, j=interpreted, Vv=VM code, C=native code)


Current CompileTask:
C2:  48291 2668       4       groovy.lang.MetaClassImpl$1MOPIter::methodNameAction (325 bytes)


---------------  P R O C E S S  ---------------

Java Threads: ( => current thread )
  0x00000000179e6800 JavaThread "Cache worker for execution history cache (C:\Users\FEMI\.gradle\caches\5.4.1\executionHistory)" [_thread_blocked, id=1364, stack(0x000000001c840000,0x000000001c940000)]
  0x00000000179e5800 JavaThread "Cache worker for cache directory md-rule (C:\Users\FEMI\.gradle\caches\5.4.1\md-rule)" [_thread_blocked, id=5172, stack(0x000000001c740000,0x000000001c840000)]
  0x00000000179e5000 JavaThread "Cache worker for cache directory md-supplier (C:\Users\FEMI\.gradle\caches\5.4.1\md-supplier)" [_thread_blocked, id=8828, stack(0x000000001c640000,0x000000001c740000)]
  0x00000000179e2000 JavaThread "Cache worker for file hash cache (C:\Users\FEMI\Documents\Programming\Android\Studio\Stylepad\.gradle\5.4.1\fileHashes)" [_thread_blocked, id=2816, stack(0x000000001bd40000,0x000000001be40000)]
  0x00000000179e3800 JavaThread "Cache worker for journal cache (C:\Users\FEMI\.gradle\caches\journal-1)" [_thread_blocked, id=5044, stack(0x00000000197a0000,0x00000000198a0000)]
  0x00000000179e1000 JavaThread "File lock request listener" [_thread_in_native, id=11088, stack(0x00000000196a0000,0x00000000197a0000)]
  0x00000000179e0800 JavaThread "Cache worker for file hash cache (C:\Users\FEMI\.gradle\caches\5.4.1\fileHashes)" [_thread_blocked, id=9860, stack(0x00000000195a0000,0x00000000196a0000)]
  0x0000000017141000 JavaThread "Thread-9" [_thread_blocked, id=9292, stack(0x00000000194a0000,0x00000000195a0000)]
  0x000000001713e000 JavaThread "Stdin handler" [_thread_blocked, id=9608, stack(0x00000000193a0000,0x00000000194a0000)]
  0x0000000017c90000 JavaThread "Asynchronous log dispatcher for DefaultDaemonConnection: socket connection from /127.0.0.1:53945 to /127.0.0.1:53946" [_thread_blocked, id=7656, stack(0x00000000192a0000,0x00000000193a0000)]
  0x0000000017c92000 JavaThread "Daemon worker" [_thread_in_native, id=10892, stack(0x00000000191a0000,0x00000000192a0000)]
  0x00000000177fe000 JavaThread "Cancel handler" [_thread_blocked, id=10568, stack(0x00000000190a0000,0x00000000191a0000)]
  0x000000001680c800 JavaThread "Handler for socket connection from /127.0.0.1:53945 to /127.0.0.1:53946" [_thread_in_native, id=10100, stack(0x0000000018da0000,0x0000000018ea0000)]
  0x00000000166c3000 JavaThread "Daemon" [_thread_blocked, id=4000, stack(0x0000000018ca0000,0x0000000018da0000)]
  0x00000000166e9800 JavaThread "Daemon periodic checks" [_thread_blocked, id=6300, stack(0x0000000018ba0000,0x0000000018ca0000)]
  0x0000000016f1e000 JavaThread "Incoming local TCP Connector on port 53945" [_thread_in_native, id=5988, stack(0x0000000018960000,0x0000000018a60000)]
  0x00000000167f3800 JavaThread "Daemon health stats" [_thread_blocked, id=5900, stack(0x0000000018320000,0x0000000018420000)]
  0x0000000016579800 JavaThread "Service Thread" daemon [_thread_blocked, id=3192, stack(0x0000000016950000,0x0000000016a50000)]
  0x0000000014c14800 JavaThread "C1 CompilerThread2" daemon [_thread_blocked, id=9184, stack(0x0000000016450000,0x0000000016550000)]
  0x0000000014c0f800 JavaThread "C2 CompilerThread1" daemon [_thread_in_native, id=4132, stack(0x0000000016350000,0x0000000016450000)]
=>0x0000000014c03000 JavaThread "C2 CompilerThread0" daemon [_thread_in_native, id=6404, stack(0x0000000016250000,0x0000000016350000)]
  0x0000000014c08000 JavaThread "Attach Listener" daemon [_thread_blocked, id=2356, stack(0x0000000016150000,0x0000000016250000)]
  0x0000000014c07000 JavaThread "Signal Dispatcher" daemon [_thread_blocked, id=4032, stack(0x0000000016050000,0x0000000016150000)]
  0x000000000247c000 JavaThread "Finalizer" daemon [_thread_blocked, id=2924, stack(0x0000000015e50000,0x0000000015f50000)]
  0x0000000014bea000 JavaThread "Reference Handler" daemon [_thread_blocked, id=9228, stack(0x0000000015d50000,0x0000000015e50000)]
  0x00000000001ee800 JavaThread "main" [_thread_blocked, id=5424, stack(0x0000000000ac0000,0x0000000000bc0000)]

Other Threads:
  0x0000000014bc7000 VMThread [stack: 0x0000000015c50000,0x0000000015d50000] [id=9452]
  0x0000000016592800 WatcherThread [stack: 0x0000000016a50000,0x0000000016b50000] [id=2212]

VM state:not at safepoint (normal execution)

VM Mutex/Monitor currently owned by a thread: None

heap address: 0x00000000c0000000, size: 1024 MB, Compressed Oops mode: 32-bit
Narrow klass base: 0x0000000000000000, Narrow klass shift: 3
Compressed class space size: 1073741824 Address: 0x0000000100000000

Heap:
 PSYoungGen      total 34816K, used 21723K [0x00000000eab00000, 0x00000000ed700000, 0x0000000100000000)
  eden space 29696K, 63% used [0x00000000eab00000,0x00000000ebd51458,0x00000000ec800000)
  from space 5120K, 57% used [0x00000000ecc80000,0x00000000ecf65920,0x00000000ed180000)
  to   space 4608K, 0% used [0x00000000ec800000,0x00000000ec800000,0x00000000ecc80000)
 ParOldGen       total 27648K, used 14399K [0x00000000c0000000, 0x00000000c1b00000, 0x00000000eab00000)
  object space 27648K, 52% used [0x00000000c0000000,0x00000000c0e0fd40,0x00000000c1b00000)
 Metaspace       used 34207K, capacity 35006K, committed 35072K, reserved 1079296K
  class space    used 4857K, capacity 5083K, committed 5120K, reserved 1048576K

Card table byte_map: [0x00000000118f0000,0x0000000011b00000] byte_map_base: 0x00000000112f0000

Marking Bits: (ParMarkBitMap*) 0x0000000065e46d90
 Begin Bits: [0x0000000012060000, 0x0000000013060000)
 End Bits:   [0x0000000013060000, 0x0000000014060000)

Polling page: 0x0000000000620000

CodeCache: size=245760Kb used=9774Kb max_used=9774Kb free=235985Kb
 bounds [0x0000000002530000, 0x0000000002ed0000, 0x0000000011530000]
 total_blobs=3248 nmethods=2560 adapters=600
 compilation: enabled

Compilation events (10 events):
Event: 48.139 Thread 0x0000000014c14800 nmethod 2721 0x0000000002eb1a90 code [0x0000000002eb22c0, 0x0000000002eb8198]
Event: 48.223 Thread 0x0000000014c14800 2723       1       org.gradle.api.attributes.Attribute::getName (5 bytes)
Event: 48.223 Thread 0x0000000014c14800 nmethod 2723 0x0000000002eb0190 code [0x0000000002eb02e0, 0x0000000002eb03f0]
Event: 48.226 Thread 0x0000000014c14800 2724       3       org.gradle.internal.reflect.MutableClassDetails::superType (12 bytes)
Event: 48.226 Thread 0x0000000014c14800 nmethod 2724 0x0000000002eafd10 code [0x0000000002eafe80, 0x0000000002eb00a8]
Event: 48.226 Thread 0x0000000014c14800 2725       3       org.gradle.internal.instantiation.AbstractClassGenerator$PropertyMetadata::addGetter (67 bytes)
Event: 48.227 Thread 0x0000000014c14800 nmethod 2725 0x0000000002eaea10 code [0x0000000002eaec00, 0x0000000002eaf9b8]
Event: 48.227 Thread 0x0000000014c14800 2726       3       org.gradle.internal.instantiation.AbstractClassGenerator$MethodMetadata::shouldOverride (29 bytes)
Event: 48.228 Thread 0x0000000014c14800 nmethod 2726 0x0000000002eae290 code [0x0000000002eae400, 0x0000000002eae910]
Event: 48.228 Thread 0x0000000014c14800 2729       3       org.gradle.internal.instantiation.AbstractClassGenerator$ExtensibleTypePropertyHandler::claimPropertyImplementation (95 bytes)

GC Heap History (10 events):
Event: 42.833 GC heap before
{Heap before GC invocations=15 (full 1):
 PSYoungGen      total 21504K, used 19384K [0x00000000eab00000, 0x00000000eca00000, 0x0000000100000000)
  eden space 16384K, 100% used [0x00000000eab00000,0x00000000ebb00000,0x00000000ebb00000)
  from space 5120K, 58% used [0x00000000ebb00000,0x00000000ebdee398,0x00000000ec000000)
  to   space 5120K, 0% used [0x00000000ec500000,0x00000000ec500000,0x00000000eca00000)
 ParOldGen       total 27648K, used 8727K [0x00000000c0000000, 0x00000000c1b00000, 0x00000000eab00000)
  object space 27648K, 31% used [0x00000000c0000000,0x00000000c0885d10,0x00000000c1b00000)
 Metaspace       used 27116K, capacity 27636K, committed 27776K, reserved 1073152K
  class space    used 3787K, capacity 3961K, committed 3968K, reserved 1048576K
Event: 42.840 GC heap after
Heap after GC invocations=15 (full 1):
 PSYoungGen      total 26624K, used 3803K [0x00000000eab00000, 0x00000000eca80000, 0x0000000100000000)
  eden space 21504K, 0% used [0x00000000eab00000,0x00000000eab00000,0x00000000ec000000)
  from space 5120K, 74% used [0x00000000ec500000,0x00000000ec8b6d70,0x00000000eca00000)
  to   space 5120K, 0% used [0x00000000ec000000,0x00000000ec000000,0x00000000ec500000)
 ParOldGen       total 27648K, used 8735K [0x00000000c0000000, 0x00000000c1b00000, 0x00000000eab00000)
  object space 27648K, 31% used [0x00000000c0000000,0x00000000c0887d10,0x00000000c1b00000)
 Metaspace       used 27116K, capacity 27636K, committed 27776K, reserved 1073152K
  class space    used 3787K, capacity 3961K, committed 3968K, reserved 1048576K
}
Event: 43.698 GC heap before
{Heap before GC invocations=16 (full 1):
 PSYoungGen      total 26624K, used 25307K [0x00000000eab00000, 0x00000000eca80000, 0x0000000100000000)
  eden space 21504K, 100% used [0x00000000eab00000,0x00000000ec000000,0x00000000ec000000)
  from space 5120K, 74% used [0x00000000ec500000,0x00000000ec8b6d70,0x00000000eca00000)
  to   space 5120K, 0% used [0x00000000ec000000,0x00000000ec000000,0x00000000ec500000)
 ParOldGen       total 27648K, used 8735K [0x00000000c0000000, 0x00000000c1b00000, 0x00000000eab00000)
  object space 27648K, 31% used [0x00000000c0000000,0x00000000c0887d10,0x00000000c1b00000)
 Metaspace       used 28753K, capacity 29312K, committed 29568K, reserved 1075200K
  class space    used 4064K, capacity 4219K, committed 4224K, reserved 1048576K
Event: 43.705 GC heap after
Heap after GC invocations=16 (full 1):
 PSYoungGen      total 26624K, used 2621K [0x00000000eab00000, 0x00000000ed180000, 0x0000000100000000)
  eden space 21504K, 0% used [0x00000000eab00000,0x00000000eab00000,0x00000000ec000000)
  from space 5120K, 51% used [0x00000000ec000000,0x00000000ec28f680,0x00000000ec500000)
  to   space 5120K, 0% used [0x00000000ecc80000,0x00000000ecc80000,0x00000000ed180000)
 ParOldGen       total 27648K, used 10979K [0x00000000c0000000, 0x00000000c1b00000, 0x00000000eab00000)
  object space 27648K, 39% used [0x00000000c0000000,0x00000000c0ab8d30,0x00000000c1b00000)
 Metaspace       used 28753K, capacity 29312K, committed 29568K, reserved 1075200K
  class space    used 4064K, capacity 4219K, committed 4224K, reserved 1048576K
}
Event: 44.442 GC heap before
{Heap before GC invocations=17 (full 1):
 PSYoungGen      total 26624K, used 24125K [0x00000000eab00000, 0x00000000ed180000, 0x0000000100000000)
  eden space 21504K, 100% used [0x00000000eab00000,0x00000000ec000000,0x00000000ec000000)
  from space 5120K, 51% used [0x00000000ec000000,0x00000000ec28f680,0x00000000ec500000)
  to   space 5120K, 0% used [0x00000000ecc80000,0x00000000ecc80000,0x00000000ed180000)
 ParOldGen       total 27648K, used 10979K [0x00000000c0000000, 0x00000000c1b00000, 0x00000000eab00000)
  object space 27648K, 39% used [0x00000000c0000000,0x00000000c0ab8d30,0x00000000c1b00000)
 Metaspace       used 30170K, capacity 30716K, committed 30976K, reserved 1075200K
  class space    used 4299K, capacity 4491K, committed 4608K, reserved 1048576K
Event: 44.447 GC heap after
Heap after GC invocations=17 (full 1):
 PSYoungGen      total 34304K, used 1778K [0x00000000eab00000, 0x00000000ed180000, 0x0000000100000000)
  eden space 29184K, 0% used [0x00000000eab00000,0x00000000eab00000,0x00000000ec780000)
  from space 5120K, 34% used [0x00000000ecc80000,0x00000000ece3c9d0,0x00000000ed180000)
  to   space 5120K, 0% used [0x00000000ec780000,0x00000000ec780000,0x00000000ecc80000)
 ParOldGen       total 27648K, used 11983K [0x00000000c0000000, 0x00000000c1b00000, 0x00000000eab00000)
  object space 27648K, 43% used [0x00000000c0000000,0x00000000c0bb3cf0,0x00000000c1b00000)
 Metaspace       used 30170K, capacity 30716K, committed 30976K, reserved 1075200K
  class space    used 4299K, capacity 4491K, committed 4608K, reserved 1048576K
}
Event: 46.393 GC heap before
{Heap before GC invocations=18 (full 1):
 PSYoungGen      total 34304K, used 30962K [0x00000000eab00000, 0x00000000ed180000, 0x0000000100000000)
  eden space 29184K, 100% used [0x00000000eab00000,0x00000000ec780000,0x00000000ec780000)
  from space 5120K, 34% used [0x00000000ecc80000,0x00000000ece3c9d0,0x00000000ed180000)
  to   space 5120K, 0% used [0x00000000ec780000,0x00000000ec780000,0x00000000ecc80000)
 ParOldGen       total 27648K, used 11983K [0x00000000c0000000, 0x00000000c1b00000, 0x00000000eab00000)
  object space 27648K, 43% used [0x00000000c0000000,0x00000000c0bb3cf0,0x00000000c1b00000)
 Metaspace       used 32109K, capacity 32756K, committed 32896K, reserved 1077248K
  class space    used 4484K, capacity 4677K, committed 4736K, reserved 1048576K
Event: 46.401 GC heap after
Heap after GC invocations=18 (full 1):
 PSYoungGen      total 34304K, used 3070K [0x00000000eab00000, 0x00000000ed180000, 0x0000000100000000)
  eden space 29184K, 0% used [0x00000000eab00000,0x00000000eab00000,0x00000000ec780000)
  from space 5120K, 59% used [0x00000000ec780000,0x00000000eca7fb90,0x00000000ecc80000)
  to   space 5120K, 0% used [0x00000000ecc80000,0x00000000ecc80000,0x00000000ed180000)
 ParOldGen       total 27648K, used 12355K [0x00000000c0000000, 0x00000000c1b00000, 0x00000000eab00000)
  object space 27648K, 44% used [0x00000000c0000000,0x00000000c0c10d10,0x00000000c1b00000)
 Metaspace       used 32109K, capacity 32756K, committed 32896K, reserved 1077248K
  class space    used 4484K, capacity 4677K, committed 4736K, reserved 1048576K
}
Event: 47.497 GC heap before
{Heap before GC invocations=19 (full 1):
 PSYoungGen      total 34304K, used 32254K [0x00000000eab00000, 0x00000000ed180000, 0x0000000100000000)
  eden space 29184K, 100% used [0x00000000eab00000,0x00000000ec780000,0x00000000ec780000)
  from space 5120K, 59% used [0x00000000ec780000,0x00000000eca7fb90,0x00000000ecc80000)
  to   space 5120K, 0% used [0x00000000ecc80000,0x00000000ecc80000,0x00000000ed180000)
 ParOldGen       total 27648K, used 12355K [0x00000000c0000000, 0x00000000c1b00000, 0x00000000eab00000)
  object space 27648K, 44% used [0x00000000c0000000,0x00000000c0c10d10,0x00000000c1b00000)
 Metaspace       used 33663K, capacity 34336K, committed 34432K, reserved 1079296K
  class space    used 4746K, capacity 4945K, committed 4992K, reserved 1048576K
Event: 47.506 GC heap after
Heap after GC invocations=19 (full 1):
 PSYoungGen      total 34816K, used 2966K [0x00000000eab00000, 0x00000000ed700000, 0x0000000100000000)
  eden space 29696K, 0% used [0x00000000eab00000,0x00000000eab00000,0x00000000ec800000)
  from space 5120K, 57% used [0x00000000ecc80000,0x00000000ecf65920,0x00000000ed180000)
  to   space 4608K, 0% used [0x00000000ec800000,0x00000000ec800000,0x00000000ecc80000)
 ParOldGen       total 27648K, used 14399K [0x00000000c0000000, 0x00000000c1b00000, 0x00000000eab00000)
  object space 27648K, 52% used [0x00000000c0000000,0x00000000c0e0fd40,0x00000000c1b00000)
 Metaspace       used 33663K, capacity 34336K, committed 34432K, reserved 1079296K
  class space    used 4746K, capacity 4945K, committed 4992K, reserved 1048576K
}

Deoptimization events (10 events):
Event: 46.823 Thread 0x0000000017c92000 Uncommon trap: reason=unstable_if action=reinterpret pc=0x0000000002dbb940 method=org.objectweb.asm.Type.appendDescriptor(Ljava/lang/Class;Ljava/lang/StringBuilder;)V @ 6
Event: 46.892 Thread 0x0000000017c92000 Uncommon trap: reason=unstable_if action=reinterpret pc=0x000000000279bb80 method=java.util.HashMap.getNode(ILjava/lang/Object;)Ljava/util/HashMap$Node; @ 53
Event: 46.892 Thread 0x0000000017c92000 Uncommon trap: reason=unstable_if action=reinterpret pc=0x0000000002982768 method=java.util.HashMap.hash(Ljava/lang/Object;)I @ 1
Event: 46.892 Thread 0x0000000017c92000 Uncommon trap: reason=unstable_if action=reinterpret pc=0x0000000002988288 method=java.util.HashMap.putVal(ILjava/lang/Object;Ljava/lang/Object;ZZ)Ljava/lang/Object; @ 85
Event: 47.221 Thread 0x0000000017c92000 Uncommon trap: reason=unstable_if action=reinterpret pc=0x0000000002cb5188 method=org.objectweb.asm.ByteVector.putShort(I)Lorg/objectweb/asm/ByteVector; @ 13
Event: 47.223 Thread 0x0000000017c92000 Uncommon trap: reason=unstable_if action=reinterpret pc=0x0000000002c8d0cc method=java.net.URLStreamHandler.sameFile(Ljava/net/URL;Ljava/net/URL;)Z @ 63
Event: 47.302 Thread 0x0000000017c92000 Uncommon trap: reason=unstable_if action=reinterpret pc=0x0000000002e3a07c method=java.lang.ClassLoader.checkCerts(Ljava/lang/String;Ljava/security/CodeSource;)V @ 29
Event: 47.397 Thread 0x0000000017c92000 Uncommon trap: reason=unstable_if action=reinterpret pc=0x0000000002cc97d0 method=org.gradle.internal.reflect.PropertyAccessorType.isGetGetterName(Ljava/lang/String;)Z @ 14
Event: 48.131 Thread 0x0000000017c92000 Uncommon trap: reason=range_check action=make_not_entrant pc=0x0000000002deb524 method=java.lang.String.charAt(I)C @ 27
Event: 48.222 Thread 0x0000000017c92000 Uncommon trap: reason=unstable_if action=reinterpret pc=0x0000000002cf8db8 method=java.util.regex.Pattern$CharProperty.match(Ljava/util/regex/Matcher;ILjava/lang/CharSequence;)Z @ 40

Classes redefined (0 events):
No events

Internal exceptions (10 events):
Event: 47.973 Thread 0x0000000017c92000 Exception <a 'java/lang/ClassNotFoundException': org/gradle/api/internal/artifacts/DefaultArtifactRepositoryContainerBeanInfo> (0x00000000eb262808) thrown at [C:\re\workspace\8-2-build-windows-amd64-cygwin\jdk8u231\13620\hotspot\src\share\vm\classfile\sys
Event: 47.974 Thread 0x0000000017c92000 Exception <a 'java/lang/ClassNotFoundException': org/gradle/api/internal/DefaultNamedDomainObjectListBeanInfo> (0x00000000eb291020) thrown at [C:\re\workspace\8-2-build-windows-amd64-cygwin\jdk8u231\13620\hotspot\src\share\vm\classfile\systemDictionary.cp
Event: 47.975 Thread 0x0000000017c92000 Exception <a 'java/lang/ClassNotFoundException': org/gradle/api/internal/DefaultNamedDomainObjectCollectionBeanInfo> (0x00000000eb2c1688) thrown at [C:\re\workspace\8-2-build-windows-amd64-cygwin\jdk8u231\13620\hotspot\src\share\vm\classfile\systemDiction
Event: 47.976 Thread 0x0000000017c92000 Exception <a 'java/lang/ClassNotFoundException': org/gradle/api/internal/DefaultDomainObjectCollectionBeanInfo> (0x00000000eb2f0a98) thrown at [C:\re\workspace\8-2-build-windows-amd64-cygwin\jdk8u231\13620\hotspot\src\share\vm\classfile\systemDictionary.c
Event: 47.977 Thread 0x0000000017c92000 Exception <a 'java/lang/ClassNotFoundException': org/gradle/api/internal/DefaultDomainObjectCollectionCustomizer> (0x00000000eb320840) thrown at [C:\re\workspace\8-2-build-windows-amd64-cygwin\jdk8u231\13620\hotspot\src\share\vm\classfile\systemDictionary
Event: 47.981 Thread 0x0000000017c92000 Exception <a 'java/lang/ClassNotFoundException': org/gradle/api/internal/DefaultNamedDomainObjectCollectionCustomizer> (0x00000000eb3792c8) thrown at [C:\re\workspace\8-2-build-windows-amd64-cygwin\jdk8u231\13620\hotspot\src\share\vm\classfile\systemDicti
Event: 47.987 Thread 0x0000000017c92000 Exception <a 'java/lang/ClassNotFoundException': org/gradle/api/internal/DefaultNamedDomainObjectListCustomizer> (0x00000000eb3e1a38) thrown at [C:\re\workspace\8-2-build-windows-amd64-cygwin\jdk8u231\13620\hotspot\src\share\vm\classfile\systemDictionary.
Event: 47.992 Thread 0x0000000017c92000 Exception <a 'java/lang/ClassNotFoundException': org/gradle/api/internal/artifacts/DefaultArtifactRepositoryContainerCustomizer> (0x00000000eb44d790) thrown at [C:\re\workspace\8-2-build-windows-amd64-cygwin\jdk8u231\13620\hotspot\src\share\vm\classfile\s
Event: 47.994 Thread 0x0000000017c92000 Exception <a 'java/lang/ClassNotFoundException': org/gradle/api/internal/artifacts/dsl/DefaultRepositoryHandlerCustomizer> (0x00000000eb4ab108) thrown at [C:\re\workspace\8-2-build-windows-amd64-cygwin\jdk8u231\13620\hotspot\src\share\vm\classfile\systemD
Event: 48.001 Thread 0x0000000017c92000 Exception <a 'java/lang/ClassNotFoundException': org/gradle/api/internal/artifacts/dsl/DefaultRepositoryHandler_DecoratedCustomizer> (0x00000000eb51e5c0) thrown at [C:\re\workspace\8-2-build-windows-amd64-cygwin\jdk8u231\13620\hotspot\src\share\vm\classfi

Events (10 events):
Event: 48.224 loading class org/gradle/api/internal/artifacts/dependencies/ModuleDependencyCapabilitiesInternal
Event: 48.224 loading class org/gradle/api/internal/artifacts/dependencies/ModuleDependencyCapabilitiesInternal done
Event: 48.224 loading class org/gradle/api/artifacts/ModuleDependencyCapabilitiesHandler
Event: 48.224 loading class org/gradle/api/artifacts/ModuleDependencyCapabilitiesHandler done
Event: 48.225 loading class org/gradle/api/internal/artifacts/DefaultExcludeRuleContainer
Event: 48.225 loading class org/gradle/api/internal/artifacts/DefaultExcludeRuleContainer done
Event: 48.225 loading class org/gradle/api/artifacts/ExcludeRuleContainer
Event: 48.225 loading class org/gradle/api/artifacts/ExcludeRuleContainer done
Event: 48.228 loading class org/gradle/api/internal/artifacts/dependencies/DefaultMutableVersionConstraint
Event: 48.228 loading class org/gradle/api/internal/artifacts/dependencies/DefaultMutableVersionConstraint done


Dynamic libraries:
0x00007ff6c96d0000 - 0x00007ff6c9707000 	C:\Program Files\Java\jdk1.8.0_231\bin\java.exe
0x00007ff9f18a0000 - 0x00007ff9f1a90000 	C:\WINDOWS\SYSTEM32\ntdll.dll
0x00007ff9f1150000 - 0x00007ff9f1202000 	C:\WINDOWS\System32\KERNEL32.DLL
0x00007ff9eebd0000 - 0x00007ff9eee73000 	C:\WINDOWS\System32\KERNELBASE.dll
0x00007ff9f04b0000 - 0x00007ff9f0553000 	C:\WINDOWS\System32\ADVAPI32.dll
0x00007ff9f00f0000 - 0x00007ff9f018e000 	C:\WINDOWS\System32\msvcrt.dll
0x00007ff9f1210000 - 0x00007ff9f12a7000 	C:\WINDOWS\System32\sechost.dll
0x00007ff9efec0000 - 0x00007ff9effe0000 	C:\WINDOWS\System32\RPCRT4.dll
0x00007ff9f0210000 - 0x00007ff9f03a4000 	C:\WINDOWS\System32\USER32.dll
0x00007ff9ee830000 - 0x00007ff9ee851000 	C:\WINDOWS\System32\win32u.dll
0x00007ff9f0410000 - 0x00007ff9f0436000 	C:\WINDOWS\System32\GDI32.dll
0x00007ff9ef600000 - 0x00007ff9ef794000 	C:\WINDOWS\System32\gdi32full.dll
0x00007ff9ee8b0000 - 0x00007ff9ee94e000 	C:\WINDOWS\System32\msvcp_win.dll
0x00007ff9eeaa0000 - 0x00007ff9eeb9a000 	C:\WINDOWS\System32\ucrtbase.dll
0x00007ff9d9d00000 - 0x00007ff9d9f85000 	C:\WINDOWS\WinSxS\amd64_microsoft.windows.common-controls_6595b64144ccf1df_6.0.18362.535_none_e6c3b34713100821\COMCTL32.dll
0x00007ff9f1520000 - 0x00007ff9f1856000 	C:\WINDOWS\System32\combase.dll
0x00007ff9ef8d0000 - 0x00007ff9ef950000 	C:\WINDOWS\System32\bcryptPrimitives.dll
0x00007ff9f00c0000 - 0x00007ff9f00ee000 	C:\WINDOWS\System32\IMM32.DLL
0x0000000065ed0000 - 0x0000000065fa2000 	C:\Program Files\Java\jdk1.8.0_231\jre\bin\msvcr100.dll
0x0000000065620000 - 0x0000000065ec6000 	C:\Program Files\Java\jdk1.8.0_231\jre\bin\server\jvm.dll
0x00007ff9f00b0000 - 0x00007ff9f00b8000 	C:\WINDOWS\System32\PSAPI.DLL
0x00007ff9e2d80000 - 0x00007ff9e2d8a000 	C:\WINDOWS\SYSTEM32\VERSION.dll
0x00007ff9eb5f0000 - 0x00007ff9eb614000 	C:\WINDOWS\SYSTEM32\WINMM.dll
0x00007ff9dca80000 - 0x00007ff9dca89000 	C:\WINDOWS\SYSTEM32\WSOCK32.dll
0x00007ff9ef9e0000 - 0x00007ff9efa4f000 	C:\WINDOWS\System32\WS2_32.dll
0x00007ff9eb5c0000 - 0x00007ff9eb5ed000 	C:\WINDOWS\SYSTEM32\winmmbase.dll
0x00007ff9ee860000 - 0x00007ff9ee8aa000 	C:\WINDOWS\System32\cfgmgr32.dll
0x00007ff9e8610000 - 0x00007ff9e861f000 	C:\Program Files\Java\jdk1.8.0_231\jre\bin\verify.dll
0x00007ff9c80f0000 - 0x00007ff9c8119000 	C:\Program Files\Java\jdk1.8.0_231\jre\bin\java.dll
0x00007ff9ce000000 - 0x00007ff9ce016000 	C:\Program Files\Java\jdk1.8.0_231\jre\bin\zip.dll
0x00007ff9f0990000 - 0x00007ff9f1075000 	C:\WINDOWS\System32\SHELL32.dll
0x00007ff9f0000000 - 0x00007ff9f00a9000 	C:\WINDOWS\System32\shcore.dll
0x00007ff9eee80000 - 0x00007ff9ef5ff000 	C:\WINDOWS\System32\windows.storage.dll
0x00007ff9ee7a0000 - 0x00007ff9ee7bf000 	C:\WINDOWS\System32\profapi.dll
0x00007ff9ee7e0000 - 0x00007ff9ee82a000 	C:\WINDOWS\System32\powrprof.dll
0x00007ff9ee770000 - 0x00007ff9ee780000 	C:\WINDOWS\System32\UMPDC.dll
0x00007ff9f03b0000 - 0x00007ff9f0402000 	C:\WINDOWS\System32\shlwapi.dll
0x00007ff9ee780000 - 0x00007ff9ee791000 	C:\WINDOWS\System32\kernel.appcore.dll
0x00007ff9ef8b0000 - 0x00007ff9ef8c7000 	C:\WINDOWS\System32\cryptsp.dll
0x00007ff9c80d0000 - 0x00007ff9c80ea000 	C:\Program Files\Java\jdk1.8.0_231\jre\bin\net.dll
0x00007ff9edfe0000 - 0x00007ff9ee047000 	C:\WINDOWS\system32\mswsock.dll
0x00007ff9c8080000 - 0x00007ff9c8092000 	C:\Program Files\Java\jdk1.8.0_231\jre\bin\nio.dll
0x00007ff9cb440000 - 0x00007ff9cb466000 	C:\Users\FEMI\.gradle\native\29\windows-amd64\native-platform.dll
0x00007ff9ead00000 - 0x00007ff9ead0d000 	C:\Program Files\Java\jdk1.8.0_231\jre\bin\management.dll
0x00007ff9edaf0000 - 0x00007ff9edb23000 	C:\WINDOWS\system32\rsaenh.dll
0x00007ff9eeba0000 - 0x00007ff9eebc6000 	C:\WINDOWS\System32\bcrypt.dll
0x00007ff9ee660000 - 0x00007ff9ee685000 	C:\WINDOWS\SYSTEM32\USERENV.dll
0x00007ff9ee260000 - 0x00007ff9ee26c000 	C:\WINDOWS\SYSTEM32\CRYPTBASE.dll
0x00007ff9edc90000 - 0x00007ff9edcca000 	C:\WINDOWS\SYSTEM32\IPHLPAPI.DLL
0x00007ff9ef9d0000 - 0x00007ff9ef9d8000 	C:\WINDOWS\System32\NSI.dll
0x00007ff9e32f0000 - 0x00007ff9e3306000 	C:\WINDOWS\SYSTEM32\dhcpcsvc6.DLL
0x00007ff9e33c0000 - 0x00007ff9e33dc000 	C:\WINDOWS\SYSTEM32\dhcpcsvc.DLL
0x00007ff9edcd0000 - 0x00007ff9edd9a000 	C:\WINDOWS\SYSTEM32\DNSAPI.dll

VM Arguments:
jvm_args: -XX:+HeapDumpOnOutOfMemoryError -Xmx1024m -Dfile.encoding=UTF-8 -Duser.country=US -Duser.language=en -Duser.variant 
java_command: org.gradle.launcher.daemon.bootstrap.GradleDaemon 5.4.1
java_class_path (initial): C:\Users\FEMI\.gradle\wrapper\dists\gradle-5.4.1-all\3221gyojl5jsh0helicew7rwx\gradle-5.4.1\lib\gradle-launcher-5.4.1.jar
Launcher Type: SUN_STANDARD

Environment Variables:
JAVA_HOME=C:\Program Files\Java\jdk1.8.0_231
JRE_HOME=C:\Program Files\Java\jdk1.8.0_231\jre
CLASSPATH=C:\Program Files\Java\jdk1.8.0_231\lib;C:\Program Files\Java\jdk1.8.0_231\jre\lib
PATH=C:\Program Files (x86)\Common Files\Oracle\Java\javapath;C:\ProgramData\Oracle\Java\javapath;C:\WINDOWS\system32;C:\WINDOWS;C:\WINDOWS\System32\Wbem;C:\WINDOWS\System32\WindowsPowerShell\v1.0\;C:\Program Files\Intel\WiFi\bin\;C:\Program Files\Common Files\Intel\WirelessCommon\;C:\ProgramData\Anaconda3;C:\ProgramData\Anaconda3\Scripts;C:\ProgramData\Anaconda3\Library\bin;C:\Program Files\Gradle\gradle-3.5\bin;C:\Program Files\Apache\apache-maven-3.5.0\bin;C:\Program Files (x86)\GtkSharp\2.12\bin;C:\Program Files (x86)\sqlite;C:\WINDOWS\System32\OpenSSH\;C:\Program Files (x86)\Cygwin\bin;C:\Program Files\Java\jdk1.8.0_231\bin;C:\Program Files (x86)\sqlite;C:\Users\FEMI\AppData\Local\Microsoft\WindowsApps;?C:\src\flutter\bin;C:\Program Files\JetBrains\IntelliJ IDEA Community Edition 2018.3\bin;;
USERNAME=FEMI
OS=Windows_NT
PROCESSOR_IDENTIFIER=Intel64 Family 6 Model 78 Stepping 3, GenuineIntel



---------------  S Y S T E M  ---------------

OS: Windows 10.0 , 64 bit Build 18362 (10.0.18362.329)

CPU:total 4 (initial active 4) (2 cores per cpu, 2 threads per core) family 6 model 78 stepping 3, cmov, cx8, fxsr, mmx, sse, sse2, sse3, ssse3, sse4.1, sse4.2, popcnt, avx, avx2, aes, clmul, erms, rtm, 3dnowpref, lzcnt, ht, tsc, tscinvbit, bmi1, bmi2, adx

Memory: 4k page, physical 4065032k(280960k free), swap 5490440k(4448k free)

vm_info: Java HotSpot(TM) 64-Bit Server VM (25.231-b11) for windows-amd64 JRE (1.8.0_231-b11), built on Oct  5 2019 03:11:30 by "java_re" with MS VC++ 10.0 (VS2010)

time: Wed Jan 01 17:15:56 2020
timezone: W. Central Africa Standard Time
elapsed time: 48 seconds (0d 0h 0m 48s)

