#
# There is insufficient memory for the Java Runtime Environment to continue.
# Native memory allocation (malloc) failed to allocate 1329120 bytes for Chunk::new
# Possible reasons:
#   The system is out of physical RAM or swap space
#   The process is running with CompressedOops enabled, and the Java Heap may be blocking the growth of the native heap
# Possible solutions:
#   Reduce memory load on the system
#   Increase physical memory or swap space
#   Check if swap backing store is full
#   Decrease Java heap size (-Xmx/-Xms)
#   Decrease number of Java threads
#   Decrease Java thread stack sizes (-Xss)
#   Set larger code cache with -XX:ReservedCodeCacheSize=
#   JVM is running with Unscaled Compressed Oops mode in which the Java heap is
#     placed in the first 4GB address space. The Java Heap base address is the
#     maximum limit for the native heap growth. Please use -XX:HeapBaseMinAddress
#     to set the Java Heap base and to place the Java Heap above 4GB virtual address.
# This output file may be truncated or incomplete.
#
#  Out of Memory Error (allocation.cpp:389), pid=6232, tid=0x00000000000026c4
#
# JRE version: Java(TM) SE Runtime Environment (8.0_231-b11) (build 1.8.0_231-b11)
# Java VM: Java HotSpot(TM) 64-Bit Server VM (25.231-b11 mixed mode windows-amd64 compressed oops)
# Failed to write core dump. Minidumps are not enabled by default on client versions of Windows
#

---------------  T H R E A D  ---------------

Current thread (0x0000000015736000):  JavaThread "C2 CompilerThread0" daemon [_thread_in_native, id=9924, stack(0x0000000016d80000,0x0000000016e80000)]

Stack: [0x0000000016d80000,0x0000000016e80000]
[error occurred during error reporting (printing stack bounds), id 0xc0000005]

Native frames: (J=compiled Java code, j=interpreted, Vv=VM code, C=native code)


Current CompileTask:
C2: 111758 25683   !   4       java.io.ObjectOutputStream::writeObject0 (619 bytes)


---------------  P R O C E S S  ---------------

Java Threads: ( => current thread )
  0x000000001c62e000 JavaThread "WorkerExecutor Queue" [_thread_in_native, id=3664, stack(0x0000000027470000,0x0000000027570000)]
  0x000000001af68800 JavaThread "Cache worker for execution history cache (C:\Users\FEMI\Documents\Programming\Android\Studio\Stylepad\.gradle\5.4.1\executionHistory)" [_thread_blocked, id=11144, stack(0x00000000221e0000,0x00000000222e0000)]
  0x000000001af67800 JavaThread "Execution worker for ':' Thread 3" [_thread_in_native, id=1668, stack(0x00000000220e0000,0x00000000221e0000)]
  0x000000001af66000 JavaThread "Execution worker for ':' Thread 2" [_thread_blocked, id=5452, stack(0x0000000021fe0000,0x00000000220e0000)]
  0x000000001af60000 JavaThread "Execution worker for ':'" [_thread_in_native, id=8372, stack(0x0000000021ee0000,0x0000000021fe0000)]
  0x000000001af61800 JavaThread "Cache worker for file content cache (C:\Users\FEMI\Documents\Programming\Android\Studio\Stylepad\.gradle\5.4.1\fileContent)" [_thread_blocked, id=8328, stack(0x0000000021be0000,0x0000000021ce0000)]
  0x000000001af5e000 JavaThread "Cache worker for file content cache (C:\Users\FEMI\.gradle\caches\5.4.1\fileContent)" [_thread_blocked, id=7260, stack(0x0000000021ae0000,0x0000000021be0000)]
  0x000000001af5f800 JavaThread "Memory manager" [_thread_blocked, id=1148, stack(0x00000000213e0000,0x00000000214e0000)]
  0x000000001af64000 JavaThread "Cache worker for Build Output Cleanup Cache (C:\Users\FEMI\Documents\Programming\Android\Studio\Stylepad\.gradle\buildOutputCleanup)" [_thread_blocked, id=10300, stack(0x00000000206e0000,0x00000000207e0000)]
  0x000000001af5e800 JavaThread "pool-1-thread-1" [_thread_blocked, id=9732, stack(0x00000000203e0000,0x00000000204e0000)]
  0x000000001af64800 JavaThread "Build operations Thread 4" [_thread_blocked, id=1336, stack(0x000000001fc80000,0x000000001fd80000)]
  0x000000001af63000 JavaThread "Build operations Thread 3" [_thread_blocked, id=10616, stack(0x000000001fb80000,0x000000001fc80000)]
  0x000000001af61000 JavaThread "Build operations Thread 2" [_thread_blocked, id=1152, stack(0x000000001fa80000,0x000000001fb80000)]
  0x000000001af5d000 JavaThread "Build operations" [_thread_blocked, id=2552, stack(0x000000001f980000,0x000000001fa80000)]
  0x0000000018ad5800 JavaThread "Cache worker for execution history cache (C:\Users\FEMI\.gradle\caches\5.4.1\executionHistory)" [_thread_blocked, id=3816, stack(0x000000001f880000,0x000000001f980000)]
  0x0000000018ad6800 JavaThread "Cache worker for cache directory md-rule (C:\Users\FEMI\.gradle\caches\5.4.1\md-rule)" [_thread_blocked, id=8492, stack(0x000000001dce0000,0x000000001dde0000)]
  0x0000000018ad4000 JavaThread "Cache worker for cache directory md-supplier (C:\Users\FEMI\.gradle\caches\5.4.1\md-supplier)" [_thread_blocked, id=8792, stack(0x000000001da40000,0x000000001db40000)]
  0x0000000018ad5000 JavaThread "Cache worker for file hash cache (C:\Users\FEMI\Documents\Programming\Android\Studio\Stylepad\.gradle\5.4.1\fileHashes)" [_thread_blocked, id=11068, stack(0x000000001dbe0000,0x000000001dce0000)]
  0x0000000018ad9800 JavaThread "Cache worker for journal cache (C:\Users\FEMI\.gradle\caches\journal-1)" [_thread_blocked, id=10832, stack(0x000000001a2d0000,0x000000001a3d0000)]
  0x0000000018ad8000 JavaThread "File lock request listener" [_thread_in_native, id=5356, stack(0x000000001a1d0000,0x000000001a2d0000)]
  0x0000000018ad8800 JavaThread "Cache worker for file hash cache (C:\Users\FEMI\.gradle\caches\5.4.1\fileHashes)" [_thread_blocked, id=10432, stack(0x000000001a0d0000,0x000000001a1d0000)]
  0x00000000189f1800 JavaThread "Thread-9" [_thread_blocked, id=4036, stack(0x0000000019fd0000,0x000000001a0d0000)]
  0x00000000189ea800 JavaThread "Asynchronous log dispatcher for DefaultDaemonConnection: socket connection from /127.0.0.1:54112 to /127.0.0.1:54113" [_thread_blocked, id=8012, stack(0x0000000019dd0000,0x0000000019ed0000)]
  0x00000000189f3000 JavaThread "Daemon worker" [_thread_in_native, id=2464, stack(0x0000000019cd0000,0x0000000019dd0000)]
  0x00000000189e9800 JavaThread "Cancel handler" [_thread_blocked, id=6668, stack(0x0000000019bd0000,0x0000000019cd0000)]
  0x00000000187dd800 JavaThread "Handler for socket connection from /127.0.0.1:54112 to /127.0.0.1:54113" [_thread_in_native, id=8988, stack(0x00000000198d0000,0x00000000199d0000)]
  0x0000000018928800 JavaThread "Daemon" [_thread_blocked, id=6856, stack(0x00000000197d0000,0x00000000198d0000)]
  0x00000000187db000 JavaThread "Daemon periodic checks" [_thread_blocked, id=7372, stack(0x00000000196d0000,0x00000000197d0000)]
  0x0000000018909000 JavaThread "Incoming local TCP Connector on port 54112" [_thread_in_native, id=8816, stack(0x0000000019490000,0x0000000019590000)]
  0x000000001737a000 JavaThread "Daemon health stats" [_thread_blocked, id=8776, stack(0x0000000018e50000,0x0000000018f50000)]
  0x00000000170b0800 JavaThread "Service Thread" daemon [_thread_blocked, id=5136, stack(0x0000000017480000,0x0000000017580000)]
  0x000000001574a800 JavaThread "C1 CompilerThread2" daemon [_thread_blocked, id=7304, stack(0x0000000016f80000,0x0000000017080000)]
  0x000000001573c000 JavaThread "C2 CompilerThread1" daemon [_thread_blocked, id=7088, stack(0x0000000016e80000,0x0000000016f80000)]
=>0x0000000015736000 JavaThread "C2 CompilerThread0" daemon [_thread_in_native, id=9924, stack(0x0000000016d80000,0x0000000016e80000)]
  0x0000000015734800 JavaThread "Attach Listener" daemon [_thread_blocked, id=4740, stack(0x0000000016c80000,0x0000000016d80000)]
  0x0000000015733000 JavaThread "Signal Dispatcher" daemon [_thread_blocked, id=9624, stack(0x0000000016b80000,0x0000000016c80000)]
  0x0000000002f58800 JavaThread "Finalizer" daemon [_thread_blocked, id=3712, stack(0x0000000016980000,0x0000000016a80000)]
  0x0000000002f53000 JavaThread "Reference Handler" daemon [_thread_blocked, id=2324, stack(0x0000000016880000,0x0000000016980000)]
  0x000000000305e800 JavaThread "main" [_thread_blocked, id=9156, stack(0x0000000002cd0000,0x0000000002dd0000)]

Other Threads:
  0x00000000156f8000 VMThread [stack: 0x0000000016780000,0x0000000016880000] [id=8140]
  0x000000001578d800 WatcherThread [stack: 0x0000000017580000,0x0000000017680000] [id=9124]

VM state:not at safepoint (normal execution)

VM Mutex/Monitor currently owned by a thread: None

heap address: 0x00000000c0000000, size: 1024 MB, Compressed Oops mode: 32-bit
Narrow klass base: 0x0000000000000000, Narrow klass shift: 3
Compressed class space size: 1073741824 Address: 0x0000000100000000

Heap:
 PSYoungGen      total 261632K, used 84950K [0x00000000eab00000, 0x0000000100000000, 0x0000000100000000)
  eden space 197632K, 42% used [0x00000000eab00000,0x00000000efdf5a00,0x00000000f6c00000)
  from space 64000K, 0% used [0x00000000f6c00000,0x00000000f6c00000,0x00000000faa80000)
  to   space 72704K, 0% used [0x00000000fb900000,0x00000000fb900000,0x0000000100000000)
 ParOldGen       total 168448K, used 87810K [0x00000000c0000000, 0x00000000ca480000, 0x00000000eab00000)
  object space 168448K, 52% used [0x00000000c0000000,0x00000000c55c0a90,0x00000000ca480000)
 Metaspace       used 139023K, capacity 143041K, committed 143232K, reserved 1173504K
  class space    used 17535K, capacity 18435K, committed 18560K, reserved 1048576K

Card table byte_map: [0x0000000012420000,0x0000000012630000] byte_map_base: 0x0000000011e20000

Marking Bits: (ParMarkBitMap*) 0x0000000065e46d90
 Begin Bits: [0x0000000012b90000, 0x0000000013b90000)
 End Bits:   [0x0000000013b90000, 0x0000000014b90000)

Polling page: 0x0000000000df0000

CodeCache: size=245760Kb used=70938Kb max_used=70944Kb free=174821Kb
 bounds [0x0000000003060000, 0x0000000007610000, 0x0000000012060000]
 total_blobs=21864 nmethods=20899 adapters=873
 compilation: enabled

Compilation events (10 events):
Event: 111.482 Thread 0x000000001574a800 nmethod 25715 0x00000000075fc610 code [0x00000000075fc7c0, 0x00000000075fcc88]
Event: 111.482 Thread 0x000000001574a800 25716       3       com.google.common.collect.SingletonImmutableSet::<init> (13 bytes)
Event: 111.484 Thread 0x000000001574a800 nmethod 25716 0x00000000075fbe10 code [0x00000000075fbfa0, 0x00000000075fc3e8]
Event: 111.486 Thread 0x000000001574a800 25717       3       com.google.common.collect.ImmutableSet::copyOf (60 bytes)
Event: 111.487 Thread 0x000000001574a800 nmethod 25717 0x00000000075bea90 code [0x00000000075beca0, 0x00000000075bf938]
Event: 111.560 Thread 0x000000001574a800 25718       3       java.util.regex.Matcher::matches (10 bytes)
Event: 111.560 Thread 0x000000001573c000 25719       4       java.util.regex.Pattern$7::isSatisfiedBy (28 bytes)
Event: 111.560 Thread 0x000000001574a800 nmethod 25718 0x00000000075fa1d0 code [0x00000000075fa340, 0x00000000075fa548]
Event: 111.560 Thread 0x000000001574a800 25720       3       java.util.regex.Matcher::match (109 bytes)
Event: 111.561 Thread 0x000000001574a800 nmethod 25720 0x00000000075be390 code [0x00000000075be520, 0x00000000075be928]

GC Heap History (10 events):
Event: 75.634 GC heap before
{Heap before GC invocations=31 (full 4):
 PSYoungGen      total 238592K, used 217624K [0x00000000eab00000, 0x00000000fc300000, 0x0000000100000000)
  eden space 192512K, 100% used [0x00000000eab00000,0x00000000f6700000,0x00000000f6700000)
  from space 46080K, 54% used [0x00000000f9600000,0x00000000fae86288,0x00000000fc300000)
  to   space 47104K, 0% used [0x00000000f6700000,0x00000000f6700000,0x00000000f9500000)
 ParOldGen       total 168448K, used 125849K [0x00000000c0000000, 0x00000000ca480000, 0x00000000eab00000)
  object space 168448K, 74% used [0x00000000c0000000,0x00000000c7ae6410,0x00000000ca480000)
 Metaspace       used 117709K, capacity 121207K, committed 121472K, reserved 1155072K
  class space    used 15156K, capacity 15946K, committed 16000K, reserved 1048576K
Event: 75.722 GC heap after
Heap after GC invocations=31 (full 4):
 PSYoungGen      total 239616K, used 35681K [0x00000000eab00000, 0x00000000fdc00000, 0x0000000100000000)
  eden space 192512K, 0% used [0x00000000eab00000,0x00000000eab00000,0x00000000f6700000)
  from space 47104K, 75% used [0x00000000f6700000,0x00000000f89d8550,0x00000000f9500000)
  to   space 50688K, 0% used [0x00000000faa80000,0x00000000faa80000,0x00000000fdc00000)
 ParOldGen       total 168448K, used 125857K [0x00000000c0000000, 0x00000000ca480000, 0x00000000eab00000)
  object space 168448K, 74% used [0x00000000c0000000,0x00000000c7ae8410,0x00000000ca480000)
 Metaspace       used 117709K, capacity 121207K, committed 121472K, reserved 1155072K
  class space    used 15156K, capacity 15946K, committed 16000K, reserved 1048576K
}
Event: 87.870 GC heap before
{Heap before GC invocations=32 (full 4):
 PSYoungGen      total 239616K, used 228193K [0x00000000eab00000, 0x00000000fdc00000, 0x0000000100000000)
  eden space 192512K, 100% used [0x00000000eab00000,0x00000000f6700000,0x00000000f6700000)
  from space 47104K, 75% used [0x00000000f6700000,0x00000000f89d8550,0x00000000f9500000)
  to   space 50688K, 0% used [0x00000000faa80000,0x00000000faa80000,0x00000000fdc00000)
 ParOldGen       total 168448K, used 125857K [0x00000000c0000000, 0x00000000ca480000, 0x00000000eab00000)
  object space 168448K, 74% used [0x00000000c0000000,0x00000000c7ae8410,0x00000000ca480000)
 Metaspace       used 126092K, capacity 129725K, committed 130176K, reserved 1163264K
  class space    used 16353K, capacity 17191K, committed 17280K, reserved 1048576K
Event: 87.978 GC heap after
Heap after GC invocations=32 (full 4):
 PSYoungGen      total 248320K, used 50659K [0x00000000eab00000, 0x00000000ff500000, 0x0000000100000000)
  eden space 197632K, 0% used [0x00000000eab00000,0x00000000eab00000,0x00000000f6c00000)
  from space 50688K, 99% used [0x00000000faa80000,0x00000000fdbf8e78,0x00000000fdc00000)
  to   space 64000K, 0% used [0x00000000f6c00000,0x00000000f6c00000,0x00000000faa80000)
 ParOldGen       total 168448K, used 140368K [0x00000000c0000000, 0x00000000ca480000, 0x00000000eab00000)
  object space 168448K, 83% used [0x00000000c0000000,0x00000000c89141a0,0x00000000ca480000)
 Metaspace       used 126092K, capacity 129725K, committed 130176K, reserved 1163264K
  class space    used 16353K, capacity 17191K, committed 17280K, reserved 1048576K
}
Event: 93.806 GC heap before
{Heap before GC invocations=33 (full 4):
 PSYoungGen      total 248320K, used 248291K [0x00000000eab00000, 0x00000000ff500000, 0x0000000100000000)
  eden space 197632K, 100% used [0x00000000eab00000,0x00000000f6c00000,0x00000000f6c00000)
  from space 50688K, 99% used [0x00000000faa80000,0x00000000fdbf8e78,0x00000000fdc00000)
  to   space 64000K, 0% used [0x00000000f6c00000,0x00000000f6c00000,0x00000000faa80000)
 ParOldGen       total 168448K, used 140368K [0x00000000c0000000, 0x00000000ca480000, 0x00000000eab00000)
  object space 168448K, 83% used [0x00000000c0000000,0x00000000c89141a0,0x00000000ca480000)
 Metaspace       used 126519K, capacity 130109K, committed 130432K, reserved 1163264K
  class space    used 16381K, capacity 17191K, committed 17280K, reserved 1048576K
Event: 93.938 GC heap after
Heap after GC invocations=33 (full 4):
 PSYoungGen      total 261632K, used 57756K [0x00000000eab00000, 0x0000000100000000, 0x0000000100000000)
  eden space 197632K, 0% used [0x00000000eab00000,0x00000000eab00000,0x00000000f6c00000)
  from space 64000K, 90% used [0x00000000f6c00000,0x00000000fa4670d0,0x00000000faa80000)
  to   space 72704K, 0% used [0x00000000fb900000,0x00000000fb900000,0x0000000100000000)
 ParOldGen       total 168448K, used 163538K [0x00000000c0000000, 0x00000000ca480000, 0x00000000eab00000)
  object space 168448K, 97% used [0x00000000c0000000,0x00000000c9fb4960,0x00000000ca480000)
 Metaspace       used 126519K, capacity 130109K, committed 130432K, reserved 1163264K
  class space    used 16381K, capacity 17191K, committed 17280K, reserved 1048576K
}
Event: 93.938 GC heap before
{Heap before GC invocations=34 (full 5):
 PSYoungGen      total 261632K, used 57756K [0x00000000eab00000, 0x0000000100000000, 0x0000000100000000)
  eden space 197632K, 0% used [0x00000000eab00000,0x00000000eab00000,0x00000000f6c00000)
  from space 64000K, 90% used [0x00000000f6c00000,0x00000000fa4670d0,0x00000000faa80000)
  to   space 72704K, 0% used [0x00000000fb900000,0x00000000fb900000,0x0000000100000000)
 ParOldGen       total 168448K, used 163538K [0x00000000c0000000, 0x00000000ca480000, 0x00000000eab00000)
  object space 168448K, 97% used [0x00000000c0000000,0x00000000c9fb4960,0x00000000ca480000)
 Metaspace       used 126519K, capacity 130109K, committed 130432K, reserved 1163264K
  class space    used 16381K, capacity 17191K, committed 17280K, reserved 1048576K
Event: 95.191 GC heap after
Heap after GC invocations=34 (full 5):
 PSYoungGen      total 261632K, used 19447K [0x00000000eab00000, 0x0000000100000000, 0x0000000100000000)
  eden space 197632K, 0% used [0x00000000eab00000,0x00000000eab00000,0x00000000f6c00000)
  from space 64000K, 30% used [0x00000000f6c00000,0x00000000f7efdcf8,0x00000000faa80000)
  to   space 72704K, 0% used [0x00000000fb900000,0x00000000fb900000,0x0000000100000000)
 ParOldGen       total 168448K, used 168143K [0x00000000c0000000, 0x00000000ca480000, 0x00000000eab00000)
  object space 168448K, 99% used [0x00000000c0000000,0x00000000ca433c80,0x00000000ca480000)
 Metaspace       used 126519K, capacity 130109K, committed 130432K, reserved 1163264K
  class space    used 16381K, capacity 17191K, committed 17280K, reserved 1048576K
}
Event: 108.114 GC heap before
{Heap before GC invocations=35 (full 6):
 PSYoungGen      total 261632K, used 217079K [0x00000000eab00000, 0x0000000100000000, 0x0000000100000000)
  eden space 197632K, 100% used [0x00000000eab00000,0x00000000f6c00000,0x00000000f6c00000)
  from space 64000K, 30% used [0x00000000f6c00000,0x00000000f7efdcf8,0x00000000faa80000)
  to   space 72704K, 0% used [0x00000000fb900000,0x00000000fb900000,0x0000000100000000)
 ParOldGen       total 168448K, used 168143K [0x00000000c0000000, 0x00000000ca480000, 0x00000000eab00000)
  object space 168448K, 99% used [0x00000000c0000000,0x00000000ca433c80,0x00000000ca480000)
 Metaspace       used 138506K, capacity 142313K, committed 142592K, reserved 1173504K
  class space    used 17468K, capacity 18345K, committed 18432K, reserved 1048576K
Event: 108.465 GC heap after
Heap after GC invocations=35 (full 6):
 PSYoungGen      total 261632K, used 0K [0x00000000eab00000, 0x0000000100000000, 0x0000000100000000)
  eden space 197632K, 0% used [0x00000000eab00000,0x00000000eab00000,0x00000000f6c00000)
  from space 64000K, 0% used [0x00000000f6c00000,0x00000000f6c00000,0x00000000faa80000)
  to   space 72704K, 0% used [0x00000000fb900000,0x00000000fb900000,0x0000000100000000)
 ParOldGen       total 168448K, used 87810K [0x00000000c0000000, 0x00000000ca480000, 0x00000000eab00000)
  object space 168448K, 52% used [0x00000000c0000000,0x00000000c55c0a90,0x00000000ca480000)
 Metaspace       used 138505K, capacity 142311K, committed 142592K, reserved 1173504K
  class space    used 17468K, capacity 18344K, committed 18432K, reserved 1048576K
}

Deoptimization events (10 events):
Event: 110.908 Thread 0x000000001af66000 Uncommon trap: reason=class_check action=maybe_recompile pc=0x0000000004488f70 method=java.io.ObjectOutputStream$BlockDataOutputStream.write([BIIZ)V @ 23
Event: 110.941 Thread 0x000000001af66000 Uncommon trap: reason=array_check action=maybe_recompile pc=0x0000000005ccd248 method=java.util.TimSort.binarySort([Ljava/lang/Object;IIILjava/util/Comparator;)V @ 193
Event: 111.007 Thread 0x000000001c62e000 Uncommon trap: reason=class_check action=maybe_recompile pc=0x000000000497db48 method=java.util.concurrent.FutureTask.run()V @ 42
Event: 111.009 Thread 0x000000001c62e000 Uncommon trap: reason=class_check action=maybe_recompile pc=0x000000000497db48 method=java.util.concurrent.FutureTask.run()V @ 42
Event: 111.027 Thread 0x000000001c62e000 Uncommon trap: reason=bimorphic action=maybe_recompile pc=0x0000000006f490d0 method=java.io.DataInputStream.readChar()C @ 4
Event: 111.051 Thread 0x000000001c62e000 Uncommon trap: reason=bimorphic action=maybe_recompile pc=0x0000000006f490d0 method=java.io.DataInputStream.readChar()C @ 4
Event: 111.051 Thread 0x000000001c62e000 Uncommon trap: reason=bimorphic action=maybe_recompile pc=0x0000000006f490d0 method=java.io.DataInputStream.readChar()C @ 4
Event: 111.051 Thread 0x000000001c62e000 Uncommon trap: reason=bimorphic action=maybe_recompile pc=0x0000000006f490d0 method=java.io.DataInputStream.readChar()C @ 4
Event: 111.560 Thread 0x000000001c62e000 Uncommon trap: reason=unstable_if action=reinterpret pc=0x00000000041afde0 method=java.util.regex.Matcher.match(II)Z @ 30
Event: 111.560 Thread 0x000000001c62e000 Uncommon trap: reason=unstable_if action=reinterpret pc=0x0000000003fef0f0 method=java.util.regex.Matcher.match(II)Z @ 30

Classes redefined (0 events):
No events

Internal exceptions (10 events):
Event: 100.627 Thread 0x000000001af66000 Implicit null exception at 0x0000000006b71b9e to 0x0000000006b71cc9
Event: 106.975 Thread 0x000000001af66000 Exception <a 'sun/nio/fs/WindowsException'> (0x00000000f63ffbd8) thrown at [C:\re\workspace\8-2-build-windows-amd64-cygwin\jdk8u231\13620\hotspot\src\share\vm\prims\jni.cpp, line 710]
Event: 108.466 Thread 0x000000001af60000 Implicit null exception at 0x0000000003a23467 to 0x0000000003a2374d
Event: 108.466 Thread 0x000000001af66000 Implicit null exception at 0x0000000003a23467 to 0x0000000003a2374d
Event: 110.906 Thread 0x000000001af66000 Exception <a 'java/lang/NoSuchMethodError': <clinit>> (0x00000000ef6889a8) thrown at [C:\re\workspace\8-2-build-windows-amd64-cygwin\jdk8u231\13620\hotspot\src\share\vm\prims\jni.cpp, line 1614]
Event: 110.907 Thread 0x000000001af66000 Exception <a 'java/lang/NoSuchMethodError': <clinit>> (0x00000000ef69ce50) thrown at [C:\re\workspace\8-2-build-windows-amd64-cygwin\jdk8u231\13620\hotspot\src\share\vm\prims\jni.cpp, line 1614]
Event: 110.941 Thread 0x000000001af66000 Exception <a 'java/lang/NoSuchMethodError': <clinit>> (0x00000000ef6e7da0) thrown at [C:\re\workspace\8-2-build-windows-amd64-cygwin\jdk8u231\13620\hotspot\src\share\vm\prims\jni.cpp, line 1614]
Event: 111.115 Thread 0x000000001c62e000 Exception <a 'java/lang/NoSuchMethodError': java.lang.Object.lambda$asRunnable$0(Lcom/android/tools/build/apkzlib/utils/IOExceptionRunnable;)V> (0x00000000efcbd320) thrown at [C:\re\workspace\8-2-build-windows-amd64-cygwin\jdk8u231\13620\hotspot\src\share
Event: 111.233 Thread 0x000000001af60000 Exception <a 'sun/nio/fs/WindowsException'> (0x00000000efd11f18) thrown at [C:\re\workspace\8-2-build-windows-amd64-cygwin\jdk8u231\13620\hotspot\src\share\vm\prims\jni.cpp, line 710]
Event: 111.430 Thread 0x000000001af67800 Exception <a 'sun/nio/fs/WindowsException'> (0x00000000ec094380) thrown at [C:\re\workspace\8-2-build-windows-amd64-cygwin\jdk8u231\13620\hotspot\src\share\vm\prims\jni.cpp, line 710]

Events (10 events):
Event: 111.559 loading class com/android/build/gradle/internal/matcher/FileNameWithPrefixPathMatcher$Companion done
Event: 111.559 loading class com/android/build/gradle/internal/matcher/FileNameWithPrefixPathMatcher$Companion$factory$1
Event: 111.559 loading class com/android/build/gradle/internal/matcher/FileNameWithPrefixPathMatcher$Companion$factory$1 done
Event: 111.560 Thread 0x000000001c62e000 Uncommon trap: trap_request=0xffffff65 fr.pc=0x00000000041afde0
Event: 111.560 Thread 0x000000001c62e000 DEOPT PACKING pc=0x00000000041afde0 sp=0x000000002756e0f0
Event: 111.560 Thread 0x000000001c62e000 DEOPT UNPACKING pc=0x00000000030a583b sp=0x000000002756e050 mode 2
Event: 111.560 Thread 0x000000001c62e000 Uncommon trap: trap_request=0xffffff65 fr.pc=0x0000000003fef0f0
Event: 111.560 Thread 0x000000001c62e000 DEOPT PACKING pc=0x0000000003fef0f0 sp=0x000000002756e090
Event: 111.560 Thread 0x000000001c62e000 DEOPT UNPACKING pc=0x00000000030a583b sp=0x000000002756e058 mode 2
Event: 111.560 loading class sun/nio/fs/Globs


Dynamic libraries:
0x00007ff6c96d0000 - 0x00007ff6c9707000 	C:\Program Files\Java\jdk1.8.0_231\bin\java.exe
0x00007ff9f18a0000 - 0x00007ff9f1a90000 	C:\WINDOWS\SYSTEM32\ntdll.dll
0x00007ff9f1150000 - 0x00007ff9f1202000 	C:\WINDOWS\System32\KERNEL32.DLL
0x00007ff9eebd0000 - 0x00007ff9eee73000 	C:\WINDOWS\System32\KERNELBASE.dll
0x00007ff9f04b0000 - 0x00007ff9f0553000 	C:\WINDOWS\System32\ADVAPI32.dll
0x00007ff9f00f0000 - 0x00007ff9f018e000 	C:\WINDOWS\System32\msvcrt.dll
0x00007ff9f1210000 - 0x00007ff9f12a7000 	C:\WINDOWS\System32\sechost.dll
0x00007ff9efec0000 - 0x00007ff9effe0000 	C:\WINDOWS\System32\RPCRT4.dll
0x00007ff9f0210000 - 0x00007ff9f03a4000 	C:\WINDOWS\System32\USER32.dll
0x00007ff9ee830000 - 0x00007ff9ee851000 	C:\WINDOWS\System32\win32u.dll
0x00007ff9f0410000 - 0x00007ff9f0436000 	C:\WINDOWS\System32\GDI32.dll
0x00007ff9ef600000 - 0x00007ff9ef794000 	C:\WINDOWS\System32\gdi32full.dll
0x00007ff9ee8b0000 - 0x00007ff9ee94e000 	C:\WINDOWS\System32\msvcp_win.dll
0x00007ff9eeaa0000 - 0x00007ff9eeb9a000 	C:\WINDOWS\System32\ucrtbase.dll
0x00007ff9d9d00000 - 0x00007ff9d9f85000 	C:\WINDOWS\WinSxS\amd64_microsoft.windows.common-controls_6595b64144ccf1df_6.0.18362.535_none_e6c3b34713100821\COMCTL32.dll
0x00007ff9f1520000 - 0x00007ff9f1856000 	C:\WINDOWS\System32\combase.dll
0x00007ff9ef8d0000 - 0x00007ff9ef950000 	C:\WINDOWS\System32\bcryptPrimitives.dll
0x00007ff9f00c0000 - 0x00007ff9f00ee000 	C:\WINDOWS\System32\IMM32.DLL
0x0000000065ed0000 - 0x0000000065fa2000 	C:\Program Files\Java\jdk1.8.0_231\jre\bin\msvcr100.dll
0x0000000065620000 - 0x0000000065ec6000 	C:\Program Files\Java\jdk1.8.0_231\jre\bin\server\jvm.dll
0x00007ff9f00b0000 - 0x00007ff9f00b8000 	C:\WINDOWS\System32\PSAPI.DLL
0x00007ff9e2d80000 - 0x00007ff9e2d8a000 	C:\WINDOWS\SYSTEM32\VERSION.dll
0x00007ff9eb5f0000 - 0x00007ff9eb614000 	C:\WINDOWS\SYSTEM32\WINMM.dll
0x00007ff9dca80000 - 0x00007ff9dca89000 	C:\WINDOWS\SYSTEM32\WSOCK32.dll
0x00007ff9ef9e0000 - 0x00007ff9efa4f000 	C:\WINDOWS\System32\WS2_32.dll
0x00007ff9eb5c0000 - 0x00007ff9eb5ed000 	C:\WINDOWS\SYSTEM32\WINMMBASE.dll
0x00007ff9ee860000 - 0x00007ff9ee8aa000 	C:\WINDOWS\System32\cfgmgr32.dll
0x00007ff9eabf0000 - 0x00007ff9eabff000 	C:\Program Files\Java\jdk1.8.0_231\jre\bin\verify.dll
0x00007ff9e8590000 - 0x00007ff9e85b9000 	C:\Program Files\Java\jdk1.8.0_231\jre\bin\java.dll
0x00007ff9e8510000 - 0x00007ff9e8526000 	C:\Program Files\Java\jdk1.8.0_231\jre\bin\zip.dll
0x00007ff9f0990000 - 0x00007ff9f1075000 	C:\WINDOWS\System32\SHELL32.dll
0x00007ff9f0000000 - 0x00007ff9f00a9000 	C:\WINDOWS\System32\shcore.dll
0x00007ff9eee80000 - 0x00007ff9ef5ff000 	C:\WINDOWS\System32\windows.storage.dll
0x00007ff9ee7a0000 - 0x00007ff9ee7bf000 	C:\WINDOWS\System32\profapi.dll
0x00007ff9ee7e0000 - 0x00007ff9ee82a000 	C:\WINDOWS\System32\powrprof.dll
0x00007ff9ee770000 - 0x00007ff9ee780000 	C:\WINDOWS\System32\UMPDC.dll
0x00007ff9f03b0000 - 0x00007ff9f0402000 	C:\WINDOWS\System32\shlwapi.dll
0x00007ff9ee780000 - 0x00007ff9ee791000 	C:\WINDOWS\System32\kernel.appcore.dll
0x00007ff9ef8b0000 - 0x00007ff9ef8c7000 	C:\WINDOWS\System32\cryptsp.dll
0x00007ff9e84f0000 - 0x00007ff9e850a000 	C:\Program Files\Java\jdk1.8.0_231\jre\bin\net.dll
0x00007ff9edfe0000 - 0x00007ff9ee047000 	C:\WINDOWS\system32\mswsock.dll
0x00007ff9e7f10000 - 0x00007ff9e7f22000 	C:\Program Files\Java\jdk1.8.0_231\jre\bin\nio.dll
0x00007ff9e85c0000 - 0x00007ff9e85e6000 	C:\Users\FEMI\.gradle\native\29\windows-amd64\native-platform.dll
0x00007ff9e80a0000 - 0x00007ff9e80ad000 	C:\Program Files\Java\jdk1.8.0_231\jre\bin\management.dll
0x00007ff9edaf0000 - 0x00007ff9edb23000 	C:\WINDOWS\system32\rsaenh.dll
0x00007ff9eeba0000 - 0x00007ff9eebc6000 	C:\WINDOWS\System32\bcrypt.dll
0x00007ff9ee660000 - 0x00007ff9ee685000 	C:\WINDOWS\SYSTEM32\USERENV.dll
0x00007ff9ee260000 - 0x00007ff9ee26c000 	C:\WINDOWS\SYSTEM32\CRYPTBASE.dll
0x00007ff9edc90000 - 0x00007ff9edcca000 	C:\WINDOWS\SYSTEM32\IPHLPAPI.DLL
0x00007ff9ef9d0000 - 0x00007ff9ef9d8000 	C:\WINDOWS\System32\NSI.dll
0x00007ff9e32f0000 - 0x00007ff9e3306000 	C:\WINDOWS\SYSTEM32\dhcpcsvc6.DLL
0x00007ff9e33c0000 - 0x00007ff9e33dc000 	C:\WINDOWS\SYSTEM32\dhcpcsvc.DLL
0x00007ff9edcd0000 - 0x00007ff9edd9a000 	C:\WINDOWS\SYSTEM32\DNSAPI.dll
0x00007ff9c5b50000 - 0x00007ff9c5cea000 	C:\Program Files\Java\jdk1.8.0_231\jre\bin\awt.dll
0x00007ff9f12b0000 - 0x00007ff9f1374000 	C:\WINDOWS\System32\OLEAUT32.dll
0x00007ff9ec510000 - 0x00007ff9ec59f000 	C:\WINDOWS\SYSTEM32\apphelp.dll
0x00007ff9e7c50000 - 0x00007ff9e7c74000 	C:\Program Files\Java\jdk1.8.0_231\jre\bin\sunec.dll
0x00007ff9e84b0000 - 0x00007ff9e84bb000 	C:\Program Files\Java\jdk1.8.0_231\jre\bin\sunmscapi.dll
0x00007ff9ee950000 - 0x00007ff9eea99000 	C:\WINDOWS\System32\CRYPT32.dll
0x00007ff9ee7c0000 - 0x00007ff9ee7d2000 	C:\WINDOWS\System32\MSASN1.dll
0x00007ff9e2d70000 - 0x00007ff9e2d7a000 	C:\Windows\System32\rasadhlp.dll
0x00007ff9e31f0000 - 0x00007ff9e3267000 	C:\WINDOWS\System32\fwpuclnt.dll

VM Arguments:
jvm_args: -XX:+HeapDumpOnOutOfMemoryError -Xmx1024m -Dfile.encoding=UTF-8 -Duser.country=US -Duser.language=en -Duser.variant 
java_command: org.gradle.launcher.daemon.bootstrap.GradleDaemon 5.4.1
java_class_path (initial): C:\Users\FEMI\.gradle\wrapper\dists\gradle-5.4.1-all\3221gyojl5jsh0helicew7rwx\gradle-5.4.1\lib\gradle-launcher-5.4.1.jar
Launcher Type: SUN_STANDARD

Environment Variables:
JAVA_HOME=C:\Program Files\Java\jdk1.8.0_231
JRE_HOME=C:\Program Files\Java\jdk1.8.0_231\jre
CLASSPATH=C:\Program Files\Java\jdk1.8.0_231\lib;C:\Program Files\Java\jdk1.8.0_231\jre\lib
PATH=C:\Program Files (x86)\Common Files\Oracle\Java\javapath;C:\ProgramData\Oracle\Java\javapath;C:\WINDOWS\system32;C:\WINDOWS;C:\WINDOWS\System32\Wbem;C:\WINDOWS\System32\WindowsPowerShell\v1.0\;C:\Program Files\Intel\WiFi\bin\;C:\Program Files\Common Files\Intel\WirelessCommon\;C:\ProgramData\Anaconda3;C:\ProgramData\Anaconda3\Scripts;C:\ProgramData\Anaconda3\Library\bin;C:\Program Files\Gradle\gradle-3.5\bin;C:\Program Files\Apache\apache-maven-3.5.0\bin;C:\Program Files (x86)\GtkSharp\2.12\bin;C:\Program Files (x86)\sqlite;C:\WINDOWS\System32\OpenSSH\;C:\Program Files (x86)\Cygwin\bin;C:\Program Files\Java\jdk1.8.0_231\bin;C:\Program Files (x86)\sqlite;C:\Users\FEMI\AppData\Local\Microsoft\WindowsApps;?C:\src\flutter\bin;C:\Program Files\JetBrains\IntelliJ IDEA Community Edition 2018.3\bin;;
USERNAME=FEMI
OS=Windows_NT
PROCESSOR_IDENTIFIER=Intel64 Family 6 Model 78 Stepping 3, GenuineIntel



---------------  S Y S T E M  ---------------

OS: Windows 10.0 , 64 bit Build 18362 (10.0.18362.329)

CPU:total 4 (initial active 4) (2 cores per cpu, 2 threads per core) family 6 model 78 stepping 3, cmov, cx8, fxsr, mmx, sse, sse2, sse3, ssse3, sse4.1, sse4.2, popcnt, avx, avx2, aes, clmul, erms, rtm, 3dnowpref, lzcnt, ht, tsc, tscinvbit, bmi1, bmi2, adx

Memory: 4k page, physical 4065032k(320784k free), swap 5490440k(5320k free)

vm_info: Java HotSpot(TM) 64-Bit Server VM (25.231-b11) for windows-amd64 JRE (1.8.0_231-b11), built on Oct  5 2019 03:11:30 by "java_re" with MS VC++ 10.0 (VS2010)

time: Wed Jan 01 17:36:29 2020
timezone: W. Central Africa Standard Time
elapsed time: 111 seconds (0d 0h 1m 51s)

