#
# There is insufficient memory for the Java Runtime Environment to continue.
# Native memory allocation (malloc) failed to allocate 1202112 bytes for Chunk::new
# Possible reasons:
#   The system is out of physical RAM or swap space
#   The process is running with CompressedOops enabled, and the Java Heap may be blocking the growth of the native heap
# Possible solutions:
#   Reduce memory load on the system
#   Increase physical memory or swap space
#   Check if swap backing store is full
#   Decrease Java heap size (-Xmx/-Xms)
#   Decrease number of Java threads
#   Decrease Java thread stack sizes (-Xss)
#   Set larger code cache with -XX:ReservedCodeCacheSize=
#   JVM is running with Unscaled Compressed Oops mode in which the Java heap is
#     placed in the first 4GB address space. The Java Heap base address is the
#     maximum limit for the native heap growth. Please use -XX:HeapBaseMinAddress
#     to set the Java Heap base and to place the Java Heap above 4GB virtual address.
# This output file may be truncated or incomplete.
#
#  Out of Memory Error (allocation.cpp:389), pid=11224, tid=0x0000000000000bd0
#
# JRE version: Java(TM) SE Runtime Environment (8.0_231-b11) (build 1.8.0_231-b11)
# Java VM: Java HotSpot(TM) 64-Bit Server VM (25.231-b11 mixed mode windows-amd64 compressed oops)
# Failed to write core dump. Minidumps are not enabled by default on client versions of Windows
#

---------------  T H R E A D  ---------------

Current thread (0x000000001555c000):  JavaThread "C2 CompilerThread1" daemon [_thread_in_native, id=3024, stack(0x0000000016cc0000,0x0000000016dc0000)]

Stack: [0x0000000016cc0000,0x0000000016dc0000]
[error occurred during error reporting (printing stack bounds), id 0xc0000005]

Native frames: (J=compiled Java code, j=interpreted, Vv=VM code, C=native code)


Current CompileTask:
C2:  92318 25361       4       com.android.tools.build.apkzlib.zip.ZipField::verify (77 bytes)


---------------  P R O C E S S  ---------------

Java Threads: ( => current thread )
  0x000000001a5e5000 JavaThread "WorkerExecutor Queue" [_thread_in_native_trans, id=5352, stack(0x0000000019d10000,0x0000000019e10000)]
  0x000000001e9e5000 JavaThread "Cache worker for execution history cache (C:\Users\FEMI\Documents\Programming\Android\Studio\Stylepad\.gradle\5.4.1\executionHistory)" [_thread_blocked, id=8864, stack(0x0000000023030000,0x0000000023130000)]
  0x000000001e9ea800 JavaThread "Execution worker for ':' Thread 3" [_thread_blocked, id=10072, stack(0x0000000022f30000,0x0000000023030000)]
  0x000000001e9ec000 JavaThread "Execution worker for ':' Thread 2" [_thread_in_native, id=6428, stack(0x0000000022e30000,0x0000000022f30000)]
  0x000000001e9e9800 JavaThread "Execution worker for ':'" [_thread_in_native, id=8916, stack(0x0000000022d30000,0x0000000022e30000)]
  0x000000001e9e6000 JavaThread "Cache worker for file content cache (C:\Users\FEMI\Documents\Programming\Android\Studio\Stylepad\.gradle\5.4.1\fileContent)" [_thread_blocked, id=2664, stack(0x0000000022a30000,0x0000000022b30000)]
  0x000000001e9e9000 JavaThread "Cache worker for file content cache (C:\Users\FEMI\.gradle\caches\5.4.1\fileContent)" [_thread_blocked, id=1720, stack(0x0000000022930000,0x0000000022a30000)]
  0x000000001b7ae000 JavaThread "Memory manager" [_thread_blocked, id=4960, stack(0x00000000207a0000,0x00000000208a0000)]
  0x000000001b7a9800 JavaThread "Cache worker for Build Output Cleanup Cache (C:\Users\FEMI\Documents\Programming\Android\Studio\Stylepad\.gradle\buildOutputCleanup)" [_thread_blocked, id=8712, stack(0x00000000204a0000,0x00000000205a0000)]
  0x000000001b7ac800 JavaThread "pool-1-thread-1" [_thread_blocked, id=1840, stack(0x00000000201a0000,0x00000000202a0000)]
  0x000000001b7ad000 JavaThread "Build operations Thread 4" [_thread_blocked, id=10868, stack(0x000000001fca0000,0x000000001fda0000)]
  0x000000001b7ab800 JavaThread "Build operations Thread 3" [_thread_blocked, id=2528, stack(0x000000001fba0000,0x000000001fca0000)]
  0x000000001b7af800 JavaThread "Build operations Thread 2" [_thread_blocked, id=8976, stack(0x000000001faa0000,0x000000001fba0000)]
  0x000000001b7ae800 JavaThread "Build operations" [_thread_blocked, id=8384, stack(0x000000001f9a0000,0x000000001faa0000)]
  0x0000000018806000 JavaThread "Cache worker for execution history cache (C:\Users\FEMI\.gradle\caches\5.4.1\executionHistory)" [_thread_blocked, id=9832, stack(0x000000001edc0000,0x000000001eec0000)]
  0x0000000018805000 JavaThread "Cache worker for cache directory md-rule (C:\Users\FEMI\.gradle\caches\5.4.1\md-rule)" [_thread_blocked, id=1428, stack(0x000000001dcf0000,0x000000001ddf0000)]
  0x0000000018803800 JavaThread "Cache worker for cache directory md-supplier (C:\Users\FEMI\.gradle\caches\5.4.1\md-supplier)" [_thread_blocked, id=8000, stack(0x000000001d880000,0x000000001d980000)]
  0x0000000018806800 JavaThread "Cache worker for file hash cache (C:\Users\FEMI\Documents\Programming\Android\Studio\Stylepad\.gradle\5.4.1\fileHashes)" [_thread_blocked, id=3100, stack(0x000000001d9f0000,0x000000001daf0000)]
  0x0000000018809000 JavaThread "Cache worker for journal cache (C:\Users\FEMI\.gradle\caches\journal-1)" [_thread_blocked, id=9440, stack(0x000000001a110000,0x000000001a210000)]
  0x0000000018808000 JavaThread "File lock request listener" [_thread_in_native, id=6576, stack(0x000000001a010000,0x000000001a110000)]
  0x0000000018804800 JavaThread "Cache worker for file hash cache (C:\Users\FEMI\.gradle\caches\5.4.1\fileHashes)" [_thread_blocked, id=3940, stack(0x0000000019f10000,0x000000001a010000)]
  0x0000000018906800 JavaThread "Thread-9" [_thread_blocked, id=4316, stack(0x0000000019e10000,0x0000000019f10000)]
  0x0000000018909000 JavaThread "Asynchronous log dispatcher for DefaultDaemonConnection: socket connection from /127.0.0.1:54165 to /127.0.0.1:54166" [_thread_blocked, id=6488, stack(0x0000000019c10000,0x0000000019d10000)]
  0x0000000018919800 JavaThread "Daemon worker" [_thread_in_native, id=8584, stack(0x0000000019b10000,0x0000000019c10000)]
  0x0000000018921800 JavaThread "Cancel handler" [_thread_blocked, id=9480, stack(0x0000000019a10000,0x0000000019b10000)]
  0x00000000188c5800 JavaThread "Handler for socket connection from /127.0.0.1:54165 to /127.0.0.1:54166" [_thread_in_native, id=2980, stack(0x0000000019710000,0x0000000019810000)]
  0x00000000188c2800 JavaThread "Daemon" [_thread_blocked, id=4924, stack(0x0000000019610000,0x0000000019710000)]
  0x0000000018871000 JavaThread "Daemon periodic checks" [_thread_blocked, id=6416, stack(0x0000000019510000,0x0000000019610000)]
  0x000000001885f000 JavaThread "Incoming local TCP Connector on port 54165" [_thread_in_native, id=9768, stack(0x00000000192d0000,0x00000000193d0000)]
  0x000000001855f800 JavaThread "Daemon health stats" [_thread_blocked, id=4948, stack(0x0000000018c90000,0x0000000018d90000)]
  0x00000000155ae800 JavaThread "Service Thread" daemon [_thread_blocked, id=6540, stack(0x00000000172c0000,0x00000000173c0000)]
  0x0000000016dc8800 JavaThread "C1 CompilerThread2" daemon [_thread_blocked, id=9544, stack(0x00000000171c0000,0x00000000172c0000)]
=>0x000000001555c000 JavaThread "C2 CompilerThread1" daemon [_thread_in_native, id=3024, stack(0x0000000016cc0000,0x0000000016dc0000)]
  0x0000000015556000 JavaThread "C2 CompilerThread0" daemon [_thread_in_native, id=1664, stack(0x0000000016bc0000,0x0000000016cc0000)]
  0x0000000015554000 JavaThread "Attach Listener" daemon [_thread_blocked, id=5820, stack(0x0000000016ac0000,0x0000000016bc0000)]
  0x0000000015553000 JavaThread "Signal Dispatcher" daemon [_thread_blocked, id=5464, stack(0x00000000169c0000,0x0000000016ac0000)]
  0x0000000002e7c000 JavaThread "Finalizer" daemon [_thread_blocked, id=6248, stack(0x00000000167c0000,0x00000000168c0000)]
  0x0000000002e72000 JavaThread "Reference Handler" daemon [_thread_blocked, id=3312, stack(0x00000000166c0000,0x00000000167c0000)]
  0x0000000000eae800 JavaThread "main" [_thread_blocked, id=2064, stack(0x0000000002c80000,0x0000000002d80000)]

Other Threads:
  0x0000000015517800 VMThread [stack: 0x00000000165c0000,0x00000000166c0000] [id=4676]
  0x0000000016dea000 WatcherThread [stack: 0x00000000173c0000,0x00000000174c0000] [id=6000]

VM state:not at safepoint (normal execution)

VM Mutex/Monitor currently owned by a thread: None

heap address: 0x00000000c0000000, size: 1024 MB, Compressed Oops mode: 32-bit
Narrow klass base: 0x0000000000000000, Narrow klass shift: 3
Compressed class space size: 1073741824 Address: 0x0000000100000000

Heap:
 PSYoungGen      total 266240K, used 87290K [0x00000000eab00000, 0x0000000100000000, 0x0000000100000000)
  eden space 216064K, 26% used [0x00000000eab00000,0x00000000ee20e440,0x00000000f7e00000)
  from space 50176K, 61% used [0x00000000fcf00000,0x00000000fed30470,0x0000000100000000)
  to   space 66560K, 0% used [0x00000000f7e00000,0x00000000f7e00000,0x00000000fbf00000)
 ParOldGen       total 236544K, used 172549K [0x00000000c0000000, 0x00000000ce700000, 0x00000000eab00000)
  object space 236544K, 72% used [0x00000000c0000000,0x00000000ca881468,0x00000000ce700000)
 Metaspace       used 136787K, capacity 140641K, committed 140928K, reserved 1171456K
  class space    used 17291K, capacity 18197K, committed 18304K, reserved 1048576K

Card table byte_map: [0x0000000012240000,0x0000000012450000] byte_map_base: 0x0000000011c40000

Marking Bits: (ParMarkBitMap*) 0x0000000065e46d90
 Begin Bits: [0x00000000129b0000, 0x00000000139b0000)
 End Bits:   [0x00000000139b0000, 0x00000000149b0000)

Polling page: 0x0000000000eb0000

CodeCache: size=245760Kb used=67717Kb max_used=68557Kb free=178042Kb
 bounds [0x0000000002e80000, 0x00000000071d0000, 0x0000000011e80000]
 total_blobs=21681 nmethods=20745 adapters=843
 compilation: enabled

Compilation events (10 events):
Event: 91.815 Thread 0x0000000016dc8800 25388       3       com.google.common.io.Closer::register (16 bytes)
Event: 91.815 Thread 0x0000000016dc8800 nmethod 25388 0x000000000367a450 code [0x000000000367a5c0, 0x000000000367a828]
Event: 91.830 Thread 0x0000000016dc8800 25389       3       java.util.Vector::grow (57 bytes)
Event: 91.831 Thread 0x0000000016dc8800 nmethod 25389 0x0000000006ed7310 code [0x0000000006ed74a0, 0x0000000006ed79d8]
Event: 91.909 Thread 0x0000000016dc8800 25390       3       java.nio.DirectByteBuffer::put (269 bytes)
Event: 91.911 Thread 0x0000000016dc8800 nmethod 25390 0x00000000066a7d10 code [0x00000000066a7f40, 0x00000000066a8f38]
Event: 91.911 Thread 0x0000000016dc8800 25391  s    3       java.nio.channels.Channels$1::write (107 bytes)
Event: 91.912 Thread 0x0000000016dc8800 nmethod 25391 0x0000000006541e10 code [0x0000000006542020, 0x0000000006542c38]
Event: 91.912 Thread 0x0000000016dc8800 25392       3       java.nio.channels.Channels::access$000 (6 bytes)
Event: 91.912 Thread 0x0000000016dc8800 nmethod 25392 0x00000000066a7990 code [0x00000000066a7b00, 0x00000000066a7c68]

GC Heap History (10 events):
Event: 62.583 GC heap before
{Heap before GC invocations=23 (full 5):
 PSYoungGen      total 290304K, used 27272K [0x00000000eab00000, 0x0000000100000000, 0x0000000100000000)
  eden space 247808K, 0% used [0x00000000eab00000,0x00000000eab00000,0x00000000f9d00000)
  from space 42496K, 64% used [0x00000000fd680000,0x00000000ff122148,0x0000000100000000)
  to   space 50688K, 0% used [0x00000000f9d00000,0x00000000f9d00000,0x00000000fce80000)
 ParOldGen       total 161280K, used 137254K [0x00000000c0000000, 0x00000000c9d80000, 0x00000000eab00000)
  object space 161280K, 85% used [0x00000000c0000000,0x00000000c8609b68,0x00000000c9d80000)
 Metaspace       used 115407K, capacity 118465K, committed 118656K, reserved 1153024K
  class space    used 14950K, capacity 15677K, committed 15744K, reserved 1048576K
Event: 63.311 GC heap after
Heap after GC invocations=23 (full 5):
 PSYoungGen      total 290304K, used 0K [0x00000000eab00000, 0x0000000100000000, 0x0000000100000000)
  eden space 247808K, 0% used [0x00000000eab00000,0x00000000eab00000,0x00000000f9d00000)
  from space 42496K, 0% used [0x00000000fd680000,0x00000000fd680000,0x0000000100000000)
  to   space 50688K, 0% used [0x00000000f9d00000,0x00000000f9d00000,0x00000000fce80000)
 ParOldGen       total 236544K, used 127743K [0x00000000c0000000, 0x00000000ce700000, 0x00000000eab00000)
  object space 236544K, 54% used [0x00000000c0000000,0x00000000c7cbff98,0x00000000ce700000)
 Metaspace       used 115407K, capacity 118465K, committed 118656K, reserved 1153024K
  class space    used 14950K, capacity 15677K, committed 15744K, reserved 1048576K
}
Event: 71.973 GC heap before
{Heap before GC invocations=24 (full 5):
 PSYoungGen      total 290304K, used 247808K [0x00000000eab00000, 0x0000000100000000, 0x0000000100000000)
  eden space 247808K, 100% used [0x00000000eab00000,0x00000000f9d00000,0x00000000f9d00000)
  from space 42496K, 0% used [0x00000000fd680000,0x00000000fd680000,0x0000000100000000)
  to   space 50688K, 0% used [0x00000000f9d00000,0x00000000f9d00000,0x00000000fce80000)
 ParOldGen       total 236544K, used 127743K [0x00000000c0000000, 0x00000000ce700000, 0x00000000eab00000)
  object space 236544K, 54% used [0x00000000c0000000,0x00000000c7cbff98,0x00000000ce700000)
 Metaspace       used 116879K, capacity 120311K, committed 120320K, reserved 1153024K
  class space    used 15086K, capacity 15868K, committed 15872K, reserved 1048576K
Event: 72.020 GC heap after
Heap after GC invocations=24 (full 5):
 PSYoungGen      total 298496K, used 18524K [0x00000000eab00000, 0x0000000100000000, 0x0000000100000000)
  eden space 247808K, 0% used [0x00000000eab00000,0x00000000eab00000,0x00000000f9d00000)
  from space 50688K, 36% used [0x00000000f9d00000,0x00000000faf17378,0x00000000fce80000)
  to   space 48128K, 0% used [0x00000000fd100000,0x00000000fd100000,0x0000000100000000)
 ParOldGen       total 236544K, used 127751K [0x00000000c0000000, 0x00000000ce700000, 0x00000000eab00000)
  object space 236544K, 54% used [0x00000000c0000000,0x00000000c7cc1f98,0x00000000ce700000)
 Metaspace       used 116879K, capacity 120311K, committed 120320K, reserved 1153024K
  class space    used 15086K, capacity 15868K, committed 15872K, reserved 1048576K
}
Event: 79.959 GC heap before
{Heap before GC invocations=25 (full 5):
 PSYoungGen      total 298496K, used 266332K [0x00000000eab00000, 0x0000000100000000, 0x0000000100000000)
  eden space 247808K, 100% used [0x00000000eab00000,0x00000000f9d00000,0x00000000f9d00000)
  from space 50688K, 36% used [0x00000000f9d00000,0x00000000faf17378,0x00000000fce80000)
  to   space 48128K, 0% used [0x00000000fd100000,0x00000000fd100000,0x0000000100000000)
 ParOldGen       total 236544K, used 127751K [0x00000000c0000000, 0x00000000ce700000, 0x00000000eab00000)
  object space 236544K, 54% used [0x00000000c0000000,0x00000000c7cc1f98,0x00000000ce700000)
 Metaspace       used 124719K, capacity 128319K, committed 128640K, reserved 1161216K
  class space    used 16125K, capacity 16982K, committed 17024K, reserved 1048576K
Event: 80.044 GC heap after
Heap after GC invocations=25 (full 5):
 PSYoungGen      total 296960K, used 33440K [0x00000000eab00000, 0x0000000100000000, 0x0000000100000000)
  eden space 248832K, 0% used [0x00000000eab00000,0x00000000eab00000,0x00000000f9e00000)
  from space 48128K, 69% used [0x00000000fd100000,0x00000000ff1a80f8,0x0000000100000000)
  to   space 50176K, 0% used [0x00000000f9e00000,0x00000000f9e00000,0x00000000fcf00000)
 ParOldGen       total 236544K, used 127759K [0x00000000c0000000, 0x00000000ce700000, 0x00000000eab00000)
  object space 236544K, 54% used [0x00000000c0000000,0x00000000c7cc3f98,0x00000000ce700000)
 Metaspace       used 124719K, capacity 128319K, committed 128640K, reserved 1161216K
  class space    used 16125K, capacity 16982K, committed 17024K, reserved 1048576K
}
Event: 83.641 GC heap before
{Heap before GC invocations=26 (full 5):
 PSYoungGen      total 296960K, used 282272K [0x00000000eab00000, 0x0000000100000000, 0x0000000100000000)
  eden space 248832K, 100% used [0x00000000eab00000,0x00000000f9e00000,0x00000000f9e00000)
  from space 48128K, 69% used [0x00000000fd100000,0x00000000ff1a80f8,0x0000000100000000)
  to   space 50176K, 0% used [0x00000000f9e00000,0x00000000f9e00000,0x00000000fcf00000)
 ParOldGen       total 236544K, used 127759K [0x00000000c0000000, 0x00000000ce700000, 0x00000000eab00000)
  object space 236544K, 54% used [0x00000000c0000000,0x00000000c7cc3f98,0x00000000ce700000)
 Metaspace       used 126354K, capacity 129999K, committed 130432K, reserved 1163264K
  class space    used 16351K, capacity 17180K, committed 17280K, reserved 1048576K
Event: 83.790 GC heap after
Heap after GC invocations=26 (full 5):
 PSYoungGen      total 299008K, used 50163K [0x00000000eab00000, 0x0000000100000000, 0x0000000100000000)
  eden space 248832K, 0% used [0x00000000eab00000,0x00000000eab00000,0x00000000f9e00000)
  from space 50176K, 99% used [0x00000000f9e00000,0x00000000fcefce40,0x00000000fcf00000)
  to   space 50176K, 0% used [0x00000000fcf00000,0x00000000fcf00000,0x0000000100000000)
 ParOldGen       total 236544K, used 157969K [0x00000000c0000000, 0x00000000ce700000, 0x00000000eab00000)
  object space 236544K, 66% used [0x00000000c0000000,0x00000000c9a44518,0x00000000ce700000)
 Metaspace       used 126354K, capacity 129999K, committed 130432K, reserved 1163264K
  class space    used 16351K, capacity 17180K, committed 17280K, reserved 1048576K
}
Event: 90.863 GC heap before
{Heap before GC invocations=27 (full 5):
 PSYoungGen      total 299008K, used 298995K [0x00000000eab00000, 0x0000000100000000, 0x0000000100000000)
  eden space 248832K, 100% used [0x00000000eab00000,0x00000000f9e00000,0x00000000f9e00000)
  from space 50176K, 99% used [0x00000000f9e00000,0x00000000fcefce40,0x00000000fcf00000)
  to   space 50176K, 0% used [0x00000000fcf00000,0x00000000fcf00000,0x0000000100000000)
 ParOldGen       total 236544K, used 157969K [0x00000000c0000000, 0x00000000ce700000, 0x00000000eab00000)
  object space 236544K, 66% used [0x00000000c0000000,0x00000000c9a44518,0x00000000ce700000)
 Metaspace       used 136755K, capacity 140577K, committed 140928K, reserved 1171456K
  class space    used 17291K, capacity 18197K, committed 18304K, reserved 1048576K
Event: 90.941 GC heap after
Heap after GC invocations=27 (full 5):
 PSYoungGen      total 266240K, used 30913K [0x00000000eab00000, 0x0000000100000000, 0x0000000100000000)
  eden space 216064K, 0% used [0x00000000eab00000,0x00000000eab00000,0x00000000f7e00000)
  from space 50176K, 61% used [0x00000000fcf00000,0x00000000fed30470,0x0000000100000000)
  to   space 66560K, 0% used [0x00000000f7e00000,0x00000000f7e00000,0x00000000fbf00000)
 ParOldGen       total 236544K, used 172549K [0x00000000c0000000, 0x00000000ce700000, 0x00000000eab00000)
  object space 236544K, 72% used [0x00000000c0000000,0x00000000ca881468,0x00000000ce700000)
 Metaspace       used 136755K, capacity 140577K, committed 140928K, reserved 1171456K
  class space    used 17291K, capacity 18197K, committed 18304K, reserved 1048576K
}

Deoptimization events (10 events):
Event: 91.480 Thread 0x000000001a5e5000 Uncommon trap: reason=class_check action=maybe_recompile pc=0x00000000044ea6c0 method=com.android.tools.build.apkzlib.zip.EncodeUtils.decode([BLjava/nio/charset/Charset;)Ljava/lang/String; @ 1
Event: 91.480 Thread 0x000000001a5e5000 Uncommon trap: reason=speculate_class_check action=maybe_recompile pc=0x0000000005273af0 method=java.nio.charset.CharsetDecoder.decode(Ljava/nio/ByteBuffer;Ljava/nio/CharBuffer;Z)Ljava/nio/charset/CoderResult; @ 57
Event: 91.480 Thread 0x000000001a5e5000 Uncommon trap: reason=class_check action=maybe_recompile pc=0x00000000044ea6c0 method=com.android.tools.build.apkzlib.zip.EncodeUtils.decode([BLjava/nio/charset/Charset;)Ljava/lang/String; @ 1
Event: 91.480 Thread 0x000000001a5e5000 Uncommon trap: reason=speculate_class_check action=maybe_recompile pc=0x0000000005273af0 method=java.nio.charset.CharsetDecoder.decode(Ljava/nio/ByteBuffer;Ljava/nio/CharBuffer;Z)Ljava/nio/charset/CoderResult; @ 57
Event: 91.480 Thread 0x000000001a5e5000 Uncommon trap: reason=class_check action=maybe_recompile pc=0x00000000044ea6c0 method=com.android.tools.build.apkzlib.zip.EncodeUtils.decode([BLjava/nio/charset/Charset;)Ljava/lang/String; @ 1
Event: 91.480 Thread 0x000000001a5e5000 Uncommon trap: reason=speculate_class_check action=maybe_recompile pc=0x0000000005273af0 method=java.nio.charset.CharsetDecoder.decode(Ljava/nio/ByteBuffer;Ljava/nio/CharBuffer;Z)Ljava/nio/charset/CoderResult; @ 57
Event: 91.481 Thread 0x000000001a5e5000 Uncommon trap: reason=class_check action=maybe_recompile pc=0x00000000066bcc5c method=java.nio.charset.CharsetDecoder.decode(Ljava/nio/ByteBuffer;Ljava/nio/CharBuffer;Z)Ljava/nio/charset/CoderResult; @ 57
Event: 91.481 Thread 0x000000001a5e5000 Uncommon trap: reason=class_check action=maybe_recompile pc=0x00000000066bcc5c method=java.nio.charset.CharsetDecoder.decode(Ljava/nio/ByteBuffer;Ljava/nio/CharBuffer;Z)Ljava/nio/charset/CoderResult; @ 57
Event: 91.481 Thread 0x000000001a5e5000 Uncommon trap: reason=class_check action=maybe_recompile pc=0x00000000066bcc5c method=java.nio.charset.CharsetDecoder.decode(Ljava/nio/ByteBuffer;Ljava/nio/CharBuffer;Z)Ljava/nio/charset/CoderResult; @ 57
Event: 91.481 Thread 0x000000001a5e5000 Uncommon trap: reason=class_check action=maybe_recompile pc=0x00000000066bcc5c method=java.nio.charset.CharsetDecoder.decode(Ljava/nio/ByteBuffer;Ljava/nio/CharBuffer;Z)Ljava/nio/charset/CoderResult; @ 57

Classes redefined (0 events):
No events

Internal exceptions (10 events):
Event: 91.281 Thread 0x000000001e9ec000 Exception <a 'sun/nio/fs/WindowsException'> (0x00000000eabc9e60) thrown at [C:\re\workspace\8-2-build-windows-amd64-cygwin\jdk8u231\13620\hotspot\src\share\vm\prims\jni.cpp, line 710]
Event: 91.343 Thread 0x000000001e9e9800 Exception <a 'sun/nio/fs/WindowsException'> (0x00000000eb76b5d8) thrown at [C:\re\workspace\8-2-build-windows-amd64-cygwin\jdk8u231\13620\hotspot\src\share\vm\prims\jni.cpp, line 710]
Event: 91.402 Thread 0x0000000018919800 Exception <a 'sun/nio/fs/WindowsException'> (0x00000000eac07e18) thrown at [C:\re\workspace\8-2-build-windows-amd64-cygwin\jdk8u231\13620\hotspot\src\share\vm\prims\jni.cpp, line 710]
Event: 91.424 Thread 0x000000001e9ec000 Exception <a 'sun/nio/fs/WindowsException'> (0x00000000ebc67170) thrown at [C:\re\workspace\8-2-build-windows-amd64-cygwin\jdk8u231\13620\hotspot\src\share\vm\prims\jni.cpp, line 710]
Event: 91.665 Thread 0x000000001e9e9800 Exception <a 'sun/nio/fs/WindowsException'> (0x00000000ec44e8a8) thrown at [C:\re\workspace\8-2-build-windows-amd64-cygwin\jdk8u231\13620\hotspot\src\share\vm\prims\jni.cpp, line 710]
Event: 91.665 Thread 0x000000001e9ec000 Exception <a 'sun/nio/fs/WindowsException'> (0x00000000ec104390) thrown at [C:\re\workspace\8-2-build-windows-amd64-cygwin\jdk8u231\13620\hotspot\src\share\vm\prims\jni.cpp, line 710]
Event: 91.808 Thread 0x0000000018919800 Exception <a 'sun/nio/fs/WindowsException'> (0x00000000eac36b00) thrown at [C:\re\workspace\8-2-build-windows-amd64-cygwin\jdk8u231\13620\hotspot\src\share\vm\prims\jni.cpp, line 710]
Event: 91.882 Thread 0x000000001e9e9800 Exception <a 'sun/nio/fs/WindowsException'> (0x00000000ecdbf7e0) thrown at [C:\re\workspace\8-2-build-windows-amd64-cygwin\jdk8u231\13620\hotspot\src\share\vm\prims\jni.cpp, line 710]
Event: 92.059 Thread 0x000000001e9ec000 Exception <a 'sun/nio/fs/WindowsException'> (0x00000000ed600170) thrown at [C:\re\workspace\8-2-build-windows-amd64-cygwin\jdk8u231\13620\hotspot\src\share\vm\prims\jni.cpp, line 710]
Event: 92.107 Thread 0x000000001e9e9800 Exception <a 'sun/nio/fs/WindowsException'> (0x00000000ed6e4508) thrown at [C:\re\workspace\8-2-build-windows-amd64-cygwin\jdk8u231\13620\hotspot\src\share\vm\prims\jni.cpp, line 710]

Events (10 events):
Event: 91.481 Thread 0x000000001a5e5000 DEOPT UNPACKING pc=0x0000000002ec583b sp=0x0000000019e0d830 mode 2
Event: 91.481 Thread 0x000000001a5e5000 Uncommon trap: trap_request=0xffffffde fr.pc=0x00000000066bcc5c
Event: 91.481 Thread 0x000000001a5e5000 DEOPT PACKING pc=0x00000000066bcc5c sp=0x0000000019e0d4b0
Event: 91.481 Thread 0x000000001a5e5000 DEOPT UNPACKING pc=0x0000000002ec583b sp=0x0000000019e0d460 mode 2
Event: 91.481 Thread 0x000000001a5e5000 Uncommon trap: trap_request=0xffffffde fr.pc=0x00000000066bcc5c
Event: 91.481 Thread 0x000000001a5e5000 DEOPT PACKING pc=0x00000000066bcc5c sp=0x0000000019e0d880
Event: 91.481 Thread 0x000000001a5e5000 DEOPT UNPACKING pc=0x0000000002ec583b sp=0x0000000019e0d830 mode 2
Event: 91.481 Thread 0x000000001a5e5000 Uncommon trap: trap_request=0xffffffde fr.pc=0x00000000066bcc5c
Event: 91.481 Thread 0x000000001a5e5000 DEOPT PACKING pc=0x00000000066bcc5c sp=0x0000000019e0d4b0
Event: 91.481 Thread 0x000000001a5e5000 DEOPT UNPACKING pc=0x0000000002ec583b sp=0x0000000019e0d460 mode 2


Dynamic libraries:
0x00007ff6c96d0000 - 0x00007ff6c9707000 	C:\Program Files\Java\jdk1.8.0_231\bin\java.exe
0x00007ff9f18a0000 - 0x00007ff9f1a90000 	C:\WINDOWS\SYSTEM32\ntdll.dll
0x00007ff9f1150000 - 0x00007ff9f1202000 	C:\WINDOWS\System32\KERNEL32.DLL
0x00007ff9eebd0000 - 0x00007ff9eee73000 	C:\WINDOWS\System32\KERNELBASE.dll
0x00007ff9f04b0000 - 0x00007ff9f0553000 	C:\WINDOWS\System32\ADVAPI32.dll
0x00007ff9f00f0000 - 0x00007ff9f018e000 	C:\WINDOWS\System32\msvcrt.dll
0x00007ff9f1210000 - 0x00007ff9f12a7000 	C:\WINDOWS\System32\sechost.dll
0x00007ff9efec0000 - 0x00007ff9effe0000 	C:\WINDOWS\System32\RPCRT4.dll
0x00007ff9f0210000 - 0x00007ff9f03a4000 	C:\WINDOWS\System32\USER32.dll
0x00007ff9ee830000 - 0x00007ff9ee851000 	C:\WINDOWS\System32\win32u.dll
0x00007ff9f0410000 - 0x00007ff9f0436000 	C:\WINDOWS\System32\GDI32.dll
0x00007ff9ef600000 - 0x00007ff9ef794000 	C:\WINDOWS\System32\gdi32full.dll
0x00007ff9ee8b0000 - 0x00007ff9ee94e000 	C:\WINDOWS\System32\msvcp_win.dll
0x00007ff9eeaa0000 - 0x00007ff9eeb9a000 	C:\WINDOWS\System32\ucrtbase.dll
0x00007ff9d9d00000 - 0x00007ff9d9f85000 	C:\WINDOWS\WinSxS\amd64_microsoft.windows.common-controls_6595b64144ccf1df_6.0.18362.535_none_e6c3b34713100821\COMCTL32.dll
0x00007ff9f1520000 - 0x00007ff9f1856000 	C:\WINDOWS\System32\combase.dll
0x00007ff9ef8d0000 - 0x00007ff9ef950000 	C:\WINDOWS\System32\bcryptPrimitives.dll
0x00007ff9f00c0000 - 0x00007ff9f00ee000 	C:\WINDOWS\System32\IMM32.DLL
0x0000000065ed0000 - 0x0000000065fa2000 	C:\Program Files\Java\jdk1.8.0_231\jre\bin\msvcr100.dll
0x0000000065620000 - 0x0000000065ec6000 	C:\Program Files\Java\jdk1.8.0_231\jre\bin\server\jvm.dll
0x00007ff9f00b0000 - 0x00007ff9f00b8000 	C:\WINDOWS\System32\PSAPI.DLL
0x00007ff9e2d80000 - 0x00007ff9e2d8a000 	C:\WINDOWS\SYSTEM32\VERSION.dll
0x00007ff9eb5f0000 - 0x00007ff9eb614000 	C:\WINDOWS\SYSTEM32\WINMM.dll
0x00007ff9dca80000 - 0x00007ff9dca89000 	C:\WINDOWS\SYSTEM32\WSOCK32.dll
0x00007ff9ef9e0000 - 0x00007ff9efa4f000 	C:\WINDOWS\System32\WS2_32.dll
0x00007ff9eb5c0000 - 0x00007ff9eb5ed000 	C:\WINDOWS\SYSTEM32\winmmbase.dll
0x00007ff9ee860000 - 0x00007ff9ee8aa000 	C:\WINDOWS\System32\cfgmgr32.dll
0x00007ff9eabf0000 - 0x00007ff9eabff000 	C:\Program Files\Java\jdk1.8.0_231\jre\bin\verify.dll
0x00007ff9e8590000 - 0x00007ff9e85b9000 	C:\Program Files\Java\jdk1.8.0_231\jre\bin\java.dll
0x00007ff9e8510000 - 0x00007ff9e8526000 	C:\Program Files\Java\jdk1.8.0_231\jre\bin\zip.dll
0x00007ff9f0990000 - 0x00007ff9f1075000 	C:\WINDOWS\System32\SHELL32.dll
0x00007ff9f0000000 - 0x00007ff9f00a9000 	C:\WINDOWS\System32\shcore.dll
0x00007ff9eee80000 - 0x00007ff9ef5ff000 	C:\WINDOWS\System32\windows.storage.dll
0x00007ff9ee7a0000 - 0x00007ff9ee7bf000 	C:\WINDOWS\System32\profapi.dll
0x00007ff9ee7e0000 - 0x00007ff9ee82a000 	C:\WINDOWS\System32\powrprof.dll
0x00007ff9ee770000 - 0x00007ff9ee780000 	C:\WINDOWS\System32\UMPDC.dll
0x00007ff9f03b0000 - 0x00007ff9f0402000 	C:\WINDOWS\System32\shlwapi.dll
0x00007ff9ee780000 - 0x00007ff9ee791000 	C:\WINDOWS\System32\kernel.appcore.dll
0x00007ff9ef8b0000 - 0x00007ff9ef8c7000 	C:\WINDOWS\System32\cryptsp.dll
0x00007ff9e84f0000 - 0x00007ff9e850a000 	C:\Program Files\Java\jdk1.8.0_231\jre\bin\net.dll
0x00007ff9edfe0000 - 0x00007ff9ee047000 	C:\WINDOWS\system32\mswsock.dll
0x00007ff9e7f10000 - 0x00007ff9e7f22000 	C:\Program Files\Java\jdk1.8.0_231\jre\bin\nio.dll
0x00007ff9e85c0000 - 0x00007ff9e85e6000 	C:\Users\FEMI\.gradle\native\29\windows-amd64\native-platform.dll
0x00007ff9e80a0000 - 0x00007ff9e80ad000 	C:\Program Files\Java\jdk1.8.0_231\jre\bin\management.dll
0x00007ff9edaf0000 - 0x00007ff9edb23000 	C:\WINDOWS\system32\rsaenh.dll
0x00007ff9eeba0000 - 0x00007ff9eebc6000 	C:\WINDOWS\System32\bcrypt.dll
0x00007ff9ee660000 - 0x00007ff9ee685000 	C:\WINDOWS\SYSTEM32\USERENV.dll
0x00007ff9ee260000 - 0x00007ff9ee26c000 	C:\WINDOWS\SYSTEM32\CRYPTBASE.dll
0x00007ff9edc90000 - 0x00007ff9edcca000 	C:\WINDOWS\SYSTEM32\IPHLPAPI.DLL
0x00007ff9ef9d0000 - 0x00007ff9ef9d8000 	C:\WINDOWS\System32\NSI.dll
0x00007ff9e32f0000 - 0x00007ff9e3306000 	C:\WINDOWS\SYSTEM32\dhcpcsvc6.DLL
0x00007ff9e33c0000 - 0x00007ff9e33dc000 	C:\WINDOWS\SYSTEM32\dhcpcsvc.DLL
0x00007ff9edcd0000 - 0x00007ff9edd9a000 	C:\WINDOWS\SYSTEM32\DNSAPI.dll
0x00007ff9c34e0000 - 0x00007ff9c367a000 	C:\Program Files\Java\jdk1.8.0_231\jre\bin\awt.dll
0x00007ff9f12b0000 - 0x00007ff9f1374000 	C:\WINDOWS\System32\OLEAUT32.dll
0x00007ff9ec510000 - 0x00007ff9ec59f000 	C:\WINDOWS\SYSTEM32\apphelp.dll

VM Arguments:
jvm_args: -XX:+HeapDumpOnOutOfMemoryError -Xmx1024m -Dfile.encoding=UTF-8 -Duser.country=US -Duser.language=en -Duser.variant 
java_command: org.gradle.launcher.daemon.bootstrap.GradleDaemon 5.4.1
java_class_path (initial): C:\Users\FEMI\.gradle\wrapper\dists\gradle-5.4.1-all\3221gyojl5jsh0helicew7rwx\gradle-5.4.1\lib\gradle-launcher-5.4.1.jar
Launcher Type: SUN_STANDARD

Environment Variables:
JAVA_HOME=C:\Program Files\Java\jdk1.8.0_231
JRE_HOME=C:\Program Files\Java\jdk1.8.0_231\jre
CLASSPATH=C:\Program Files\Java\jdk1.8.0_231\lib;C:\Program Files\Java\jdk1.8.0_231\jre\lib
PATH=C:\Program Files (x86)\Common Files\Oracle\Java\javapath;C:\ProgramData\Oracle\Java\javapath;C:\WINDOWS\system32;C:\WINDOWS;C:\WINDOWS\System32\Wbem;C:\WINDOWS\System32\WindowsPowerShell\v1.0\;C:\Program Files\Intel\WiFi\bin\;C:\Program Files\Common Files\Intel\WirelessCommon\;C:\ProgramData\Anaconda3;C:\ProgramData\Anaconda3\Scripts;C:\ProgramData\Anaconda3\Library\bin;C:\Program Files\Gradle\gradle-3.5\bin;C:\Program Files\Apache\apache-maven-3.5.0\bin;C:\Program Files (x86)\GtkSharp\2.12\bin;C:\Program Files (x86)\sqlite;C:\WINDOWS\System32\OpenSSH\;C:\Program Files (x86)\Cygwin\bin;C:\Program Files\Java\jdk1.8.0_231\bin;C:\Program Files (x86)\sqlite;C:\Users\FEMI\AppData\Local\Microsoft\WindowsApps;?C:\src\flutter\bin;C:\Program Files\JetBrains\IntelliJ IDEA Community Edition 2018.3\bin;;
USERNAME=FEMI
OS=Windows_NT
PROCESSOR_IDENTIFIER=Intel64 Family 6 Model 78 Stepping 3, GenuineIntel



---------------  S Y S T E M  ---------------

OS: Windows 10.0 , 64 bit Build 18362 (10.0.18362.329)

CPU:total 4 (initial active 4) (2 cores per cpu, 2 threads per core) family 6 model 78 stepping 3, cmov, cx8, fxsr, mmx, sse, sse2, sse3, ssse3, sse4.1, sse4.2, popcnt, avx, avx2, aes, clmul, erms, rtm, 3dnowpref, lzcnt, ht, tsc, tscinvbit, bmi1, bmi2, adx

Memory: 4k page, physical 4065032k(399276k free), swap 5490440k(5596k free)

vm_info: Java HotSpot(TM) 64-Bit Server VM (25.231-b11) for windows-amd64 JRE (1.8.0_231-b11), built on Oct  5 2019 03:11:30 by "java_re" with MS VC++ 10.0 (VS2010)

time: Wed Jan 01 17:40:46 2020
timezone: W. Central Africa Standard Time
elapsed time: 92 seconds (0d 0h 1m 32s)

